2018/05/08 19:00:21 にビルドを開始しました。
     1>ノード 2 上のプロジェクト "C:\Users\Game\Desktop\2018GitTest\TOMITA\CColliderMesh\3DProgramming\3DProgramming.vcxproj" (Build ターゲット)。
     1>ClCompile:
         C:\Program Files (x86)\Microsoft Visual Studio 12.0\VC\bin\CL.exe /c /Zi /nologo /W3 /WX- /sdl- /O2 /Oi /Oy- /GL /D WIN32 /D _MBCS /Gm- /EHsc /MD /GS- /Gy /fp:precise /Zc:wchar_t- /Zc:forScope /openmp /Fo"Release\\" /Fd"Release\vc120.pdb" /Gd /TP /analyze- /errorReport:prompt CCollider3.cpp CModelObj.cpp GameMain\Collision\CCollisionManager.cpp GameMain\Scene\CSceneManager.cpp GameMain\Scene\GameScene\CGameScene.cpp GameMain\Scene\GameScene\CharaDate\CSceneModel.cpp GameMain\Scene\GameScene\CharaDate\CXCharEnemy.cpp GameMain\Scene\GameScene\CharaDate\CXCharPlayer.cpp GameMain\Scene\GameScene\Map\Goal\CXGoal.cpp GameMain\Scene\GameScene\Puck\CXPuck.cpp
     1>cl : コマンド ライン warning D9025: '/sdl-' より '/GS-' が優先されます。
         CCollider3.cpp
         CModelObj.cpp
     1>c:\users\game\desktop\2018gittest\tomita\ccollidermesh\3dprogramming\gamemain\graphic\CTexture.h(69): warning C4996: 'fopen': This function or variable may be unsafe. Consider using fopen_s instead. To disable deprecation, use _CRT_SECURE_NO_WARNINGS. See online help for details.
                 C:\Program Files (x86)\Microsoft Visual Studio 12.0\VC\include\stdio.h(211) : 'fopen' の宣言を確認してください。
     1>c:\users\game\desktop\2018gittest\tomita\ccollidermesh\3dprogramming\gamemain\graphic\CTexture.h(76): warning C4996: 'strcpy': This function or variable may be unsafe. Consider using strcpy_s instead. To disable deprecation, use _CRT_SECURE_NO_WARNINGS. See online help for details.
                 C:\Program Files (x86)\Microsoft Visual Studio 12.0\VC\include\string.h(112) : 'strcpy' の宣言を確認してください。
     1>CModelObj.cpp(20): warning C4996: 'fopen': This function or variable may be unsafe. Consider using fopen_s instead. To disable deprecation, use _CRT_SECURE_NO_WARNINGS. See online help for details.
                 C:\Program Files (x86)\Microsoft Visual Studio 12.0\VC\include\stdio.h(211) : 'fopen' の宣言を確認してください。
     1>CModelObj.cpp(26): warning C4996: 'sscanf': This function or variable may be unsafe. Consider using sscanf_s instead. To disable deprecation, use _CRT_SECURE_NO_WARNINGS. See online help for details.
                 C:\Program Files (x86)\Microsoft Visual Studio 12.0\VC\include\stdio.h(304) : 'sscanf' の宣言を確認してください。
     1>CModelObj.cpp(33): warning C4996: 'sscanf': This function or variable may be unsafe. Consider using sscanf_s instead. To disable deprecation, use _CRT_SECURE_NO_WARNINGS. See online help for details.
                 C:\Program Files (x86)\Microsoft Visual Studio 12.0\VC\include\stdio.h(304) : 'sscanf' の宣言を確認してください。
     1>CModelObj.cpp(34): warning C4996: 'sscanf': This function or variable may be unsafe. Consider using sscanf_s instead. To disable deprecation, use _CRT_SECURE_NO_WARNINGS. See online help for details.
                 C:\Program Files (x86)\Microsoft Visual Studio 12.0\VC\include\stdio.h(304) : 'sscanf' の宣言を確認してください。
     1>CModelObj.cpp(35): warning C4996: 'sscanf': This function or variable may be unsafe. Consider using sscanf_s instead. To disable deprecation, use _CRT_SECURE_NO_WARNINGS. See online help for details.
                 C:\Program Files (x86)\Microsoft Visual Studio 12.0\VC\include\stdio.h(304) : 'sscanf' の宣言を確認してください。
     1>CModelObj.cpp(39): warning C4996: 'sscanf': This function or variable may be unsafe. Consider using sscanf_s instead. To disable deprecation, use _CRT_SECURE_NO_WARNINGS. See online help for details.
                 C:\Program Files (x86)\Microsoft Visual Studio 12.0\VC\include\stdio.h(304) : 'sscanf' の宣言を確認してください。
     1>CModelObj.cpp(40): warning C4996: 'sscanf': This function or variable may be unsafe. Consider using sscanf_s instead. To disable deprecation, use _CRT_SECURE_NO_WARNINGS. See online help for details.
                 C:\Program Files (x86)\Microsoft Visual Studio 12.0\VC\include\stdio.h(304) : 'sscanf' の宣言を確認してください。
     1>CModelObj.cpp(41): warning C4996: 'sscanf': This function or variable may be unsafe. Consider using sscanf_s instead. To disable deprecation, use _CRT_SECURE_NO_WARNINGS. See online help for details.
                 C:\Program Files (x86)\Microsoft Visual Studio 12.0\VC\include\stdio.h(304) : 'sscanf' の宣言を確認してください。
     1>CModelObj.cpp(53): warning C4996: 'sscanf': This function or variable may be unsafe. Consider using sscanf_s instead. To disable deprecation, use _CRT_SECURE_NO_WARNINGS. See online help for details.
                 C:\Program Files (x86)\Microsoft Visual Studio 12.0\VC\include\stdio.h(304) : 'sscanf' の宣言を確認してください。
     1>CModelObj.cpp(55): warning C4996: 'sscanf': This function or variable may be unsafe. Consider using sscanf_s instead. To disable deprecation, use _CRT_SECURE_NO_WARNINGS. See online help for details.
                 C:\Program Files (x86)\Microsoft Visual Studio 12.0\VC\include\stdio.h(304) : 'sscanf' の宣言を確認してください。
     1>CModelObj.cpp(57): warning C4996: 'sscanf': This function or variable may be unsafe. Consider using sscanf_s instead. To disable deprecation, use _CRT_SECURE_NO_WARNINGS. See online help for details.
                 C:\Program Files (x86)\Microsoft Visual Studio 12.0\VC\include\stdio.h(304) : 'sscanf' の宣言を確認してください。
         CCollisionManager.cpp
     1>c:\users\game\desktop\2018gittest\tomita\ccollidermesh\3dprogramming\gamemain\graphic\../Graphic/CTexture.h(69): warning C4996: 'fopen': This function or variable may be unsafe. Consider using fopen_s instead. To disable deprecation, use _CRT_SECURE_NO_WARNINGS. See online help for details.
                 C:\Program Files (x86)\Microsoft Visual Studio 12.0\VC\include\stdio.h(211) : 'fopen' の宣言を確認してください。
     1>c:\users\game\desktop\2018gittest\tomita\ccollidermesh\3dprogramming\gamemain\graphic\../Graphic/CTexture.h(76): warning C4996: 'strcpy': This function or variable may be unsafe. Consider using strcpy_s instead. To disable deprecation, use _CRT_SECURE_NO_WARNINGS. See online help for details.
                 C:\Program Files (x86)\Microsoft Visual Studio 12.0\VC\include\string.h(112) : 'strcpy' の宣言を確認してください。
     1>c:\users\game\desktop\2018gittest\tomita\ccollidermesh\3dprogramming\gamemain\scene\gamescene\charadate\../../../Graphic/CModelX.h(110): warning C4018: '<' : signed と unsigned の数値を比較しようとしました。
     1>c:\users\game\desktop\2018gittest\tomita\ccollidermesh\3dprogramming\gamemain\scene\gamescene\charadate\../../../Graphic/CModelX.h(234): warning C4018: '<' : signed と unsigned の数値を比較しようとしました。
     1>c:\users\game\desktop\2018gittest\tomita\ccollidermesh\3dprogramming\gamemain\scene\gamescene\charadate\../../../Graphic/CModelX.h(319): warning C4018: '<' : signed と unsigned の数値を比較しようとしました。
     1>c:\users\game\desktop\2018gittest\tomita\ccollidermesh\3dprogramming\gamemain\scene\gamescene\charadate\../../../Graphic/CModelX.h(324): warning C4018: '<' : signed と unsigned の数値を比較しようとしました。
     1>c:\users\game\desktop\2018gittest\tomita\ccollidermesh\3dprogramming\gamemain\scene\gamescene\charadate\../../../Graphic/CModelX.h(329): warning C4018: '<' : signed と unsigned の数値を比較しようとしました。
     1>c:\users\game\desktop\2018gittest\tomita\ccollidermesh\3dprogramming\gamemain\graphic\../../Define/Define.h(92): warning C4005: 'BACK_POS' : マクロが再定義されました。
                 c:\users\game\desktop\2018gittest\tomita\ccollidermesh\3dprogramming\gamemain\graphic\../../Define/Define.h(87) : 'BACK_POS' の前の定義を確認してください
     1>c:\users\game\desktop\2018gittest\tomita\ccollidermesh\3dprogramming\gamemain\scene\gamescene\map\slope\../../../../../Define/Define.h(87): warning C4005: 'BACK_POS' : マクロが再定義されました。
                 c:\users\game\desktop\2018gittest\tomita\ccollidermesh\3dprogramming\gamemain\scene\gamescene\map\slope\../../../../../Define/Define.h(92) : 'BACK_POS' の前の定義を確認してください
     1>c:\users\game\desktop\2018gittest\tomita\ccollidermesh\3dprogramming\gamemain\scene\gamescene\map\slope\../../../../../Define/Define.h(92): warning C4005: 'BACK_POS' : マクロが再定義されました。
                 c:\users\game\desktop\2018gittest\tomita\ccollidermesh\3dprogramming\gamemain\scene\gamescene\map\slope\../../../../../Define/Define.h(87) : 'BACK_POS' の前の定義を確認してください
     1>c:\users\game\desktop\2018gittest\tomita\ccollidermesh\3dprogramming\gamemain\scene\gamescene\map\../../../../Define/Define.h(87): warning C4005: 'BACK_POS' : マクロが再定義されました。
                 c:\users\game\desktop\2018gittest\tomita\ccollidermesh\3dprogramming\gamemain\scene\gamescene\map\../../../../Define/Define.h(92) : 'BACK_POS' の前の定義を確認してください
     1>c:\users\game\desktop\2018gittest\tomita\ccollidermesh\3dprogramming\gamemain\scene\gamescene\map\../../../../Define/Define.h(92): warning C4005: 'BACK_POS' : マクロが再定義されました。
                 c:\users\game\desktop\2018gittest\tomita\ccollidermesh\3dprogramming\gamemain\scene\gamescene\map\../../../../Define/Define.h(87) : 'BACK_POS' の前の定義を確認してください
     1>c:\users\game\desktop\2018gittest\tomita\ccollidermesh\3dprogramming\gamemain\scene\gamescene\effect\../../../../Define/Define.h(87): warning C4005: 'BACK_POS' : マクロが再定義されました。
                 c:\users\game\desktop\2018gittest\tomita\ccollidermesh\3dprogramming\gamemain\scene\gamescene\effect\../../../../Define/Define.h(92) : 'BACK_POS' の前の定義を確認してください
     1>c:\users\game\desktop\2018gittest\tomita\ccollidermesh\3dprogramming\gamemain\scene\gamescene\effect\../../../../Define/Define.h(92): warning C4005: 'BACK_POS' : マクロが再定義されました。
                 c:\users\game\desktop\2018gittest\tomita\ccollidermesh\3dprogramming\gamemain\scene\gamescene\effect\../../../../Define/Define.h(87) : 'BACK_POS' の前の定義を確認してください
     1>c:\users\game\desktop\2018gittest\tomita\ccollidermesh\3dprogramming\gamemain\graphic\../../Define/Define.h(87): warning C4005: 'BACK_POS' : マクロが再定義されました。
                 c:\users\game\desktop\2018gittest\tomita\ccollidermesh\3dprogramming\gamemain\graphic\../../Define/Define.h(92) : 'BACK_POS' の前の定義を確認してください
     1>C:\Users\Game\Desktop\2018GitTest\TOMITA\CColliderMesh\3DProgramming\include\../Define/define.h(87): warning C4005: 'BACK_POS' : マクロが再定義されました。
                 C:\Users\Game\Desktop\2018GitTest\TOMITA\CColliderMesh\3DProgramming\include\../Define/define.h(92) : 'BACK_POS' の前の定義を確認してください
     1>C:\Users\Game\Desktop\2018GitTest\TOMITA\CColliderMesh\3DProgramming\include\../Define/define.h(92): warning C4005: 'BACK_POS' : マクロが再定義されました。
                 C:\Users\Game\Desktop\2018GitTest\TOMITA\CColliderMesh\3DProgramming\include\../Define/define.h(87) : 'BACK_POS' の前の定義を確認してください
     1>c:\users\game\desktop\2018gittest\tomita\ccollidermesh\3dprogramming\gamemain\scene\gameresult\../ItemScene/CItem.h(11): warning C4005: 'TIP_ARRAY' : マクロが再定義されました。
                 c:\users\game\desktop\2018gittest\tomita\ccollidermesh\3dprogramming\gamemain\scene\gamescene\charadate\../Effect/CEffect2D.h(5) : 'TIP_ARRAY' の前の定義を確認してください
         CSceneManager.cpp
     1>c:\users\game\desktop\2018gittest\tomita\ccollidermesh\3dprogramming\gamemain\graphic\../Graphic/CTexture.h(69): warning C4996: 'fopen': This function or variable may be unsafe. Consider using fopen_s instead. To disable deprecation, use _CRT_SECURE_NO_WARNINGS. See online help for details.
                 C:\Program Files (x86)\Microsoft Visual Studio 12.0\VC\include\stdio.h(211) : 'fopen' の宣言を確認してください。
     1>c:\users\game\desktop\2018gittest\tomita\ccollidermesh\3dprogramming\gamemain\graphic\../Graphic/CTexture.h(76): warning C4996: 'strcpy': This function or variable may be unsafe. Consider using strcpy_s instead. To disable deprecation, use _CRT_SECURE_NO_WARNINGS. See online help for details.
                 C:\Program Files (x86)\Microsoft Visual Studio 12.0\VC\include\string.h(112) : 'strcpy' の宣言を確認してください。
     1>c:\users\game\desktop\2018gittest\tomita\ccollidermesh\3dprogramming\gamemain\scene\gamescene\charadate\../../../Graphic/CModelX.h(110): warning C4018: '<' : signed と unsigned の数値を比較しようとしました。
     1>c:\users\game\desktop\2018gittest\tomita\ccollidermesh\3dprogramming\gamemain\scene\gamescene\charadate\../../../Graphic/CModelX.h(234): warning C4018: '<' : signed と unsigned の数値を比較しようとしました。
     1>c:\users\game\desktop\2018gittest\tomita\ccollidermesh\3dprogramming\gamemain\scene\gamescene\charadate\../../../Graphic/CModelX.h(319): warning C4018: '<' : signed と unsigned の数値を比較しようとしました。
     1>c:\users\game\desktop\2018gittest\tomita\ccollidermesh\3dprogramming\gamemain\scene\gamescene\charadate\../../../Graphic/CModelX.h(324): warning C4018: '<' : signed と unsigned の数値を比較しようとしました。
     1>c:\users\game\desktop\2018gittest\tomita\ccollidermesh\3dprogramming\gamemain\scene\gamescene\charadate\../../../Graphic/CModelX.h(329): warning C4018: '<' : signed と unsigned の数値を比較しようとしました。
     1>c:\users\game\desktop\2018gittest\tomita\ccollidermesh\3dprogramming\gamemain\scene\gamescene\effect\../../../../Define/Define.h(92): warning C4005: 'BACK_POS' : マクロが再定義されました。
                 c:\users\game\desktop\2018gittest\tomita\ccollidermesh\3dprogramming\gamemain\scene\gamescene\effect\../../../../Define/Define.h(87) : 'BACK_POS' の前の定義を確認してください
     1>c:\users\game\desktop\2018gittest\tomita\ccollidermesh\3dprogramming\gamemain\graphic\../../Define/Define.h(87): warning C4005: 'BACK_POS' : マクロが再定義されました。
                 c:\users\game\desktop\2018gittest\tomita\ccollidermesh\3dprogramming\gamemain\graphic\../../Define/Define.h(92) : 'BACK_POS' の前の定義を確認してください
     1>c:\users\game\desktop\2018gittest\tomita\ccollidermesh\3dprogramming\gamemain\graphic\../../Define/Define.h(92): warning C4005: 'BACK_POS' : マクロが再定義されました。
                 c:\users\game\desktop\2018gittest\tomita\ccollidermesh\3dprogramming\gamemain\graphic\../../Define/Define.h(87) : 'BACK_POS' の前の定義を確認してください
     1>c:\users\game\desktop\2018gittest\tomita\ccollidermesh\3dprogramming\gamemain\scene\gamescene\map\slope\../../../../../Define/Define.h(87): warning C4005: 'BACK_POS' : マクロが再定義されました。
                 c:\users\game\desktop\2018gittest\tomita\ccollidermesh\3dprogramming\gamemain\scene\gamescene\map\slope\../../../../../Define/Define.h(92) : 'BACK_POS' の前の定義を確認してください
     1>c:\users\game\desktop\2018gittest\tomita\ccollidermesh\3dprogramming\gamemain\scene\gamescene\map\slope\../../../../../Define/Define.h(92): warning C4005: 'BACK_POS' : マクロが再定義されました。
                 c:\users\game\desktop\2018gittest\tomita\ccollidermesh\3dprogramming\gamemain\scene\gamescene\map\slope\../../../../../Define/Define.h(87) : 'BACK_POS' の前の定義を確認してください
     1>c:\users\game\desktop\2018gittest\tomita\ccollidermesh\3dprogramming\gamemain\scene\gamescene\map\../../../../Define/Define.h(87): warning C4005: 'BACK_POS' : マクロが再定義されました。
                 c:\users\game\desktop\2018gittest\tomita\ccollidermesh\3dprogramming\gamemain\scene\gamescene\map\../../../../Define/Define.h(92) : 'BACK_POS' の前の定義を確認してください
     1>c:\users\game\desktop\2018gittest\tomita\ccollidermesh\3dprogramming\gamemain\scene\gamescene\map\../../../../Define/Define.h(92): warning C4005: 'BACK_POS' : マクロが再定義されました。
                 c:\users\game\desktop\2018gittest\tomita\ccollidermesh\3dprogramming\gamemain\scene\gamescene\map\../../../../Define/Define.h(87) : 'BACK_POS' の前の定義を確認してください
     1>C:\Users\Game\Desktop\2018GitTest\TOMITA\CColliderMesh\3DProgramming\include\../Define/define.h(87): warning C4005: 'BACK_POS' : マクロが再定義されました。
                 C:\Users\Game\Desktop\2018GitTest\TOMITA\CColliderMesh\3DProgramming\include\../Define/define.h(92) : 'BACK_POS' の前の定義を確認してください
     1>C:\Users\Game\Desktop\2018GitTest\TOMITA\CColliderMesh\3DProgramming\include\../Define/define.h(92): warning C4005: 'BACK_POS' : マクロが再定義されました。
                 C:\Users\Game\Desktop\2018GitTest\TOMITA\CColliderMesh\3DProgramming\include\../Define/define.h(87) : 'BACK_POS' の前の定義を確認してください
     1>c:\users\game\desktop\2018gittest\tomita\ccollidermesh\3dprogramming\gamemain\scene\gameresult\../ItemScene/CItem.h(11): warning C4005: 'TIP_ARRAY' : マクロが再定義されました。
                 c:\users\game\desktop\2018gittest\tomita\ccollidermesh\3dprogramming\gamemain\scene\gamescene\effect\CEffect2D.h(5) : 'TIP_ARRAY' の前の定義を確認してください
     1>c:\users\game\desktop\2018gittest\tomita\ccollidermesh\3dprogramming\gamemain\scene\shopscene\CShop.h(55): warning C4005: 'MOVE_SPEED' : マクロが再定義されました。
                 c:\users\game\desktop\2018gittest\tomita\ccollidermesh\3dprogramming\gamemain\scene\homescene\CHome.h(8) : 'MOVE_SPEED' の前の定義を確認してください
     1>c:\users\game\desktop\2018gittest\tomita\ccollidermesh\3dprogramming\gamemain\scene\optionsscene\COption.h(5): warning C4005: 'BGM_GAGE' : マクロが再定義されました。
                 c:\users\game\desktop\2018gittest\tomita\ccollidermesh\3dprogramming\gamemain\scene\gamescene\UI\CScoreBoard.h(9) : 'BGM_GAGE' の前の定義を確認してください
     1>c:\users\game\desktop\2018gittest\tomita\ccollidermesh\3dprogramming\gamemain\scene\optionsscene\COption.h(6): warning C4005: 'SE_GAGE' : マクロが再定義されました。
                 c:\users\game\desktop\2018gittest\tomita\ccollidermesh\3dprogramming\gamemain\scene\gamescene\UI\CScoreBoard.h(10) : 'SE_GAGE' の前の定義を確認してください
         CGameScene.cpp
     1>c:\users\game\desktop\2018gittest\tomita\ccollidermesh\3dprogramming\gamemain\graphic\../Graphic/CTexture.h(69): warning C4996: 'fopen': This function or variable may be unsafe. Consider using fopen_s instead. To disable deprecation, use _CRT_SECURE_NO_WARNINGS. See online help for details.
                 C:\Program Files (x86)\Microsoft Visual Studio 12.0\VC\include\stdio.h(211) : 'fopen' の宣言を確認してください。
     1>c:\users\game\desktop\2018gittest\tomita\ccollidermesh\3dprogramming\gamemain\graphic\../Graphic/CTexture.h(76): warning C4996: 'strcpy': This function or variable may be unsafe. Consider using strcpy_s instead. To disable deprecation, use _CRT_SECURE_NO_WARNINGS. See online help for details.
                 C:\Program Files (x86)\Microsoft Visual Studio 12.0\VC\include\string.h(112) : 'strcpy' の宣言を確認してください。
     1>c:\users\game\desktop\2018gittest\tomita\ccollidermesh\3dprogramming\gamemain\scene\gamescene\charadate\../../../Graphic/CModelX.h(110): warning C4018: '<' : signed と unsigned の数値を比較しようとしました。
     1>c:\users\game\desktop\2018gittest\tomita\ccollidermesh\3dprogramming\gamemain\scene\gamescene\charadate\../../../Graphic/CModelX.h(234): warning C4018: '<' : signed と unsigned の数値を比較しようとしました。
     1>c:\users\game\desktop\2018gittest\tomita\ccollidermesh\3dprogramming\gamemain\scene\gamescene\charadate\../../../Graphic/CModelX.h(319): warning C4018: '<' : signed と unsigned の数値を比較しようとしました。
     1>c:\users\game\desktop\2018gittest\tomita\ccollidermesh\3dprogramming\gamemain\scene\gamescene\charadate\../../../Graphic/CModelX.h(324): warning C4018: '<' : signed と unsigned の数値を比較しようとしました。
     1>c:\users\game\desktop\2018gittest\tomita\ccollidermesh\3dprogramming\gamemain\scene\gamescene\charadate\../../../Graphic/CModelX.h(329): warning C4018: '<' : signed と unsigned の数値を比較しようとしました。
     1>c:\users\game\desktop\2018gittest\tomita\ccollidermesh\3dprogramming\gamemain\scene\gamescene\effect\../../../../Define/Define.h(92): warning C4005: 'BACK_POS' : マクロが再定義されました。
                 c:\users\game\desktop\2018gittest\tomita\ccollidermesh\3dprogramming\gamemain\scene\gamescene\effect\../../../../Define/Define.h(87) : 'BACK_POS' の前の定義を確認してください
     1>c:\users\game\desktop\2018gittest\tomita\ccollidermesh\3dprogramming\gamemain\graphic\../../Define/Define.h(87): warning C4005: 'BACK_POS' : マクロが再定義されました。
                 c:\users\game\desktop\2018gittest\tomita\ccollidermesh\3dprogramming\gamemain\graphic\../../Define/Define.h(92) : 'BACK_POS' の前の定義を確認してください
     1>c:\users\game\desktop\2018gittest\tomita\ccollidermesh\3dprogramming\gamemain\graphic\../../Define/Define.h(92): warning C4005: 'BACK_POS' : マクロが再定義されました。
                 c:\users\game\desktop\2018gittest\tomita\ccollidermesh\3dprogramming\gamemain\graphic\../../Define/Define.h(87) : 'BACK_POS' の前の定義を確認してください
     1>c:\users\game\desktop\2018gittest\tomita\ccollidermesh\3dprogramming\gamemain\scene\gamescene\map\slope\../../../../../Define/Define.h(87): warning C4005: 'BACK_POS' : マクロが再定義されました。
                 c:\users\game\desktop\2018gittest\tomita\ccollidermesh\3dprogramming\gamemain\scene\gamescene\map\slope\../../../../../Define/Define.h(92) : 'BACK_POS' の前の定義を確認してください
     1>c:\users\game\desktop\2018gittest\tomita\ccollidermesh\3dprogramming\gamemain\scene\gamescene\map\slope\../../../../../Define/Define.h(92): warning C4005: 'BACK_POS' : マクロが再定義されました。
                 c:\users\game\desktop\2018gittest\tomita\ccollidermesh\3dprogramming\gamemain\scene\gamescene\map\slope\../../../../../Define/Define.h(87) : 'BACK_POS' の前の定義を確認してください
     1>c:\users\game\desktop\2018gittest\tomita\ccollidermesh\3dprogramming\gamemain\scene\gamescene\map\../../../../Define/Define.h(87): warning C4005: 'BACK_POS' : マクロが再定義されました。
                 c:\users\game\desktop\2018gittest\tomita\ccollidermesh\3dprogramming\gamemain\scene\gamescene\map\../../../../Define/Define.h(92) : 'BACK_POS' の前の定義を確認してください
     1>c:\users\game\desktop\2018gittest\tomita\ccollidermesh\3dprogramming\gamemain\scene\gamescene\map\../../../../Define/Define.h(92): warning C4005: 'BACK_POS' : マクロが再定義されました。
                 c:\users\game\desktop\2018gittest\tomita\ccollidermesh\3dprogramming\gamemain\scene\gamescene\map\../../../../Define/Define.h(87) : 'BACK_POS' の前の定義を確認してください
     1>C:\Users\Game\Desktop\2018GitTest\TOMITA\CColliderMesh\3DProgramming\include\../Define/define.h(87): warning C4005: 'BACK_POS' : マクロが再定義されました。
                 C:\Users\Game\Desktop\2018GitTest\TOMITA\CColliderMesh\3DProgramming\include\../Define/define.h(92) : 'BACK_POS' の前の定義を確認してください
     1>C:\Users\Game\Desktop\2018GitTest\TOMITA\CColliderMesh\3DProgramming\include\../Define/define.h(92): warning C4005: 'BACK_POS' : マクロが再定義されました。
                 C:\Users\Game\Desktop\2018GitTest\TOMITA\CColliderMesh\3DProgramming\include\../Define/define.h(87) : 'BACK_POS' の前の定義を確認してください
     1>c:\users\game\desktop\2018gittest\tomita\ccollidermesh\3dprogramming\gamemain\scene\gameresult\../ItemScene/CItem.h(11): warning C4005: 'TIP_ARRAY' : マクロが再定義されました。
                 c:\users\game\desktop\2018gittest\tomita\ccollidermesh\3dprogramming\gamemain\scene\gamescene\effect\CEffect2D.h(5) : 'TIP_ARRAY' の前の定義を確認してください
         CSceneModel.cpp
     1>c:\users\game\desktop\2018gittest\tomita\ccollidermesh\3dprogramming\gamemain\graphic\../Graphic/CTexture.h(69): warning C4996: 'fopen': This function or variable may be unsafe. Consider using fopen_s instead. To disable deprecation, use _CRT_SECURE_NO_WARNINGS. See online help for details.
                 C:\Program Files (x86)\Microsoft Visual Studio 12.0\VC\include\stdio.h(211) : 'fopen' の宣言を確認してください。
     1>c:\users\game\desktop\2018gittest\tomita\ccollidermesh\3dprogramming\gamemain\graphic\../Graphic/CTexture.h(76): warning C4996: 'strcpy': This function or variable may be unsafe. Consider using strcpy_s instead. To disable deprecation, use _CRT_SECURE_NO_WARNINGS. See online help for details.
                 C:\Program Files (x86)\Microsoft Visual Studio 12.0\VC\include\string.h(112) : 'strcpy' の宣言を確認してください。
     1>c:\users\game\desktop\2018gittest\tomita\ccollidermesh\3dprogramming\gamemain\scene\gamescene\charadate\../../../Graphic/CModelX.h(110): warning C4018: '<' : signed と unsigned の数値を比較しようとしました。
     1>c:\users\game\desktop\2018gittest\tomita\ccollidermesh\3dprogramming\gamemain\scene\gamescene\charadate\../../../Graphic/CModelX.h(234): warning C4018: '<' : signed と unsigned の数値を比較しようとしました。
     1>c:\users\game\desktop\2018gittest\tomita\ccollidermesh\3dprogramming\gamemain\scene\gamescene\charadate\../../../Graphic/CModelX.h(319): warning C4018: '<' : signed と unsigned の数値を比較しようとしました。
     1>c:\users\game\desktop\2018gittest\tomita\ccollidermesh\3dprogramming\gamemain\scene\gamescene\charadate\../../../Graphic/CModelX.h(324): warning C4018: '<' : signed と unsigned の数値を比較しようとしました。
     1>c:\users\game\desktop\2018gittest\tomita\ccollidermesh\3dprogramming\gamemain\scene\gamescene\charadate\../../../Graphic/CModelX.h(329): warning C4018: '<' : signed と unsigned の数値を比較しようとしました。
     1>c:\users\game\desktop\2018gittest\tomita\ccollidermesh\3dprogramming\gamemain\scene\gamescene\effect\../../../../Define/Define.h(92): warning C4005: 'BACK_POS' : マクロが再定義されました。
                 c:\users\game\desktop\2018gittest\tomita\ccollidermesh\3dprogramming\gamemain\scene\gamescene\effect\../../../../Define/Define.h(87) : 'BACK_POS' の前の定義を確認してください
     1>c:\users\game\desktop\2018gittest\tomita\ccollidermesh\3dprogramming\gamemain\graphic\../../Define/Define.h(87): warning C4005: 'BACK_POS' : マクロが再定義されました。
                 c:\users\game\desktop\2018gittest\tomita\ccollidermesh\3dprogramming\gamemain\graphic\../../Define/Define.h(92) : 'BACK_POS' の前の定義を確認してください
     1>c:\users\game\desktop\2018gittest\tomita\ccollidermesh\3dprogramming\gamemain\graphic\../../Define/Define.h(92): warning C4005: 'BACK_POS' : マクロが再定義されました。
                 c:\users\game\desktop\2018gittest\tomita\ccollidermesh\3dprogramming\gamemain\graphic\../../Define/Define.h(87) : 'BACK_POS' の前の定義を確認してください
     1>c:\users\game\desktop\2018gittest\tomita\ccollidermesh\3dprogramming\gamemain\scene\gamescene\map\slope\../../../../../Define/Define.h(87): warning C4005: 'BACK_POS' : マクロが再定義されました。
                 c:\users\game\desktop\2018gittest\tomita\ccollidermesh\3dprogramming\gamemain\scene\gamescene\map\slope\../../../../../Define/Define.h(92) : 'BACK_POS' の前の定義を確認してください
     1>c:\users\game\desktop\2018gittest\tomita\ccollidermesh\3dprogramming\gamemain\scene\gamescene\map\slope\../../../../../Define/Define.h(92): warning C4005: 'BACK_POS' : マクロが再定義されました。
                 c:\users\game\desktop\2018gittest\tomita\ccollidermesh\3dprogramming\gamemain\scene\gamescene\map\slope\../../../../../Define/Define.h(87) : 'BACK_POS' の前の定義を確認してください
     1>c:\users\game\desktop\2018gittest\tomita\ccollidermesh\3dprogramming\gamemain\scene\gamescene\map\../../../../Define/Define.h(87): warning C4005: 'BACK_POS' : マクロが再定義されました。
                 c:\users\game\desktop\2018gittest\tomita\ccollidermesh\3dprogramming\gamemain\scene\gamescene\map\../../../../Define/Define.h(92) : 'BACK_POS' の前の定義を確認してください
     1>c:\users\game\desktop\2018gittest\tomita\ccollidermesh\3dprogramming\gamemain\scene\gamescene\map\../../../../Define/Define.h(92): warning C4005: 'BACK_POS' : マクロが再定義されました。
                 c:\users\game\desktop\2018gittest\tomita\ccollidermesh\3dprogramming\gamemain\scene\gamescene\map\../../../../Define/Define.h(87) : 'BACK_POS' の前の定義を確認してください
     1>c:\users\game\desktop\2018gittest\tomita\ccollidermesh\3dprogramming\gamemain\scene\gamescene\charadate\../../../../Define/Define.h(87): warning C4005: 'BACK_POS' : マクロが再定義されました。
                 c:\users\game\desktop\2018gittest\tomita\ccollidermesh\3dprogramming\gamemain\scene\gamescene\charadate\../../../../Define/Define.h(92) : 'BACK_POS' の前の定義を確認してください
     1>c:\users\game\desktop\2018gittest\tomita\ccollidermesh\3dprogramming\gamemain\scene\gamescene\charadate\../../../../Define/Define.h(92): warning C4005: 'BACK_POS' : マクロが再定義されました。
                 c:\users\game\desktop\2018gittest\tomita\ccollidermesh\3dprogramming\gamemain\scene\gamescene\charadate\../../../../Define/Define.h(87) : 'BACK_POS' の前の定義を確認してください
     1>C:\Users\Game\Desktop\2018GitTest\TOMITA\CColliderMesh\3DProgramming\include\../Define/Define.h(87): warning C4005: 'BACK_POS' : マクロが再定義されました。
                 C:\Users\Game\Desktop\2018GitTest\TOMITA\CColliderMesh\3DProgramming\include\../Define/Define.h(92) : 'BACK_POS' の前の定義を確認してください
     1>C:\Users\Game\Desktop\2018GitTest\TOMITA\CColliderMesh\3DProgramming\include\../Define/Define.h(92): warning C4005: 'BACK_POS' : マクロが再定義されました。
                 C:\Users\Game\Desktop\2018GitTest\TOMITA\CColliderMesh\3DProgramming\include\../Define/Define.h(87) : 'BACK_POS' の前の定義を確認してください
     1>C:\Users\Game\Desktop\2018GitTest\TOMITA\CColliderMesh\3DProgramming\include\../Define/define.h(87): warning C4005: 'BACK_POS' : マクロが再定義されました。
                 C:\Users\Game\Desktop\2018GitTest\TOMITA\CColliderMesh\3DProgramming\include\../Define/define.h(92) : 'BACK_POS' の前の定義を確認してください
     1>C:\Users\Game\Desktop\2018GitTest\TOMITA\CColliderMesh\3DProgramming\include\../Define/define.h(92): warning C4005: 'BACK_POS' : マクロが再定義されました。
                 C:\Users\Game\Desktop\2018GitTest\TOMITA\CColliderMesh\3DProgramming\include\../Define/define.h(87) : 'BACK_POS' の前の定義を確認してください
     1>c:\users\game\desktop\2018gittest\tomita\ccollidermesh\3dprogramming\gamemain\scene\gameresult\../ItemScene/CItem.h(11): warning C4005: 'TIP_ARRAY' : マクロが再定義されました。
                 c:\users\game\desktop\2018gittest\tomita\ccollidermesh\3dprogramming\gamemain\scene\gamescene\effect\CEffect2D.h(5) : 'TIP_ARRAY' の前の定義を確認してください
     1>GameMain\Scene\GameScene\CharaDate\CSceneModel.cpp(28): warning C4005: 'ANGLE_5' : マクロが再定義されました。
                 C:\Users\Game\Desktop\2018GitTest\TOMITA\CColliderMesh\3DProgramming\include\../Define/define.h(107) : 'ANGLE_5' の前の定義を確認してください
     1>GameMain\Scene\GameScene\CharaDate\CSceneModel.cpp(29): warning C4005: 'ANGLE_180' : マクロが再定義されました。
                 C:\Users\Game\Desktop\2018GitTest\TOMITA\CColliderMesh\3DProgramming\include\../Define/define.h(103) : 'ANGLE_180' の前の定義を確認してください
         CXCharEnemy.cpp
     1>c:\users\game\desktop\2018gittest\tomita\ccollidermesh\3dprogramming\gamemain\graphic\../Graphic/CTexture.h(69): warning C4996: 'fopen': This function or variable may be unsafe. Consider using fopen_s instead. To disable deprecation, use _CRT_SECURE_NO_WARNINGS. See online help for details.
                 C:\Program Files (x86)\Microsoft Visual Studio 12.0\VC\include\stdio.h(211) : 'fopen' の宣言を確認してください。
     1>c:\users\game\desktop\2018gittest\tomita\ccollidermesh\3dprogramming\gamemain\graphic\../Graphic/CTexture.h(76): warning C4996: 'strcpy': This function or variable may be unsafe. Consider using strcpy_s instead. To disable deprecation, use _CRT_SECURE_NO_WARNINGS. See online help for details.
                 C:\Program Files (x86)\Microsoft Visual Studio 12.0\VC\include\string.h(112) : 'strcpy' の宣言を確認してください。
     1>c:\users\game\desktop\2018gittest\tomita\ccollidermesh\3dprogramming\gamemain\scene\gamescene\charadate\../../../Graphic/CModelX.h(110): warning C4018: '<' : signed と unsigned の数値を比較しようとしました。
     1>c:\users\game\desktop\2018gittest\tomita\ccollidermesh\3dprogramming\gamemain\scene\gamescene\charadate\../../../Graphic/CModelX.h(234): warning C4018: '<' : signed と unsigned の数値を比較しようとしました。
     1>c:\users\game\desktop\2018gittest\tomita\ccollidermesh\3dprogramming\gamemain\scene\gamescene\charadate\../../../Graphic/CModelX.h(319): warning C4018: '<' : signed と unsigned の数値を比較しようとしました。
     1>c:\users\game\desktop\2018gittest\tomita\ccollidermesh\3dprogramming\gamemain\scene\gamescene\charadate\../../../Graphic/CModelX.h(324): warning C4018: '<' : signed と unsigned の数値を比較しようとしました。
     1>c:\users\game\desktop\2018gittest\tomita\ccollidermesh\3dprogramming\gamemain\scene\gamescene\charadate\../../../Graphic/CModelX.h(329): warning C4018: '<' : signed と unsigned の数値を比較しようとしました。
     1>c:\users\game\desktop\2018gittest\tomita\ccollidermesh\3dprogramming\gamemain\graphic\../../Define/Define.h(92): warning C4005: 'BACK_POS' : マクロが再定義されました。
                 c:\users\game\desktop\2018gittest\tomita\ccollidermesh\3dprogramming\gamemain\graphic\../../Define/Define.h(87) : 'BACK_POS' の前の定義を確認してください
     1>c:\users\game\desktop\2018gittest\tomita\ccollidermesh\3dprogramming\gamemain\scene\gamescene\map\slope\../../../../../Define/Define.h(87): warning C4005: 'BACK_POS' : マクロが再定義されました。
                 c:\users\game\desktop\2018gittest\tomita\ccollidermesh\3dprogramming\gamemain\scene\gamescene\map\slope\../../../../../Define/Define.h(92) : 'BACK_POS' の前の定義を確認してください
     1>c:\users\game\desktop\2018gittest\tomita\ccollidermesh\3dprogramming\gamemain\scene\gamescene\map\slope\../../../../../Define/Define.h(92): warning C4005: 'BACK_POS' : マクロが再定義されました。
                 c:\users\game\desktop\2018gittest\tomita\ccollidermesh\3dprogramming\gamemain\scene\gamescene\map\slope\../../../../../Define/Define.h(87) : 'BACK_POS' の前の定義を確認してください
     1>c:\users\game\desktop\2018gittest\tomita\ccollidermesh\3dprogramming\gamemain\scene\gamescene\map\../../../../Define/Define.h(87): warning C4005: 'BACK_POS' : マクロが再定義されました。
                 c:\users\game\desktop\2018gittest\tomita\ccollidermesh\3dprogramming\gamemain\scene\gamescene\map\../../../../Define/Define.h(92) : 'BACK_POS' の前の定義を確認してください
     1>c:\users\game\desktop\2018gittest\tomita\ccollidermesh\3dprogramming\gamemain\scene\gamescene\map\../../../../Define/Define.h(92): warning C4005: 'BACK_POS' : マクロが再定義されました。
                 c:\users\game\desktop\2018gittest\tomita\ccollidermesh\3dprogramming\gamemain\scene\gamescene\map\../../../../Define/Define.h(87) : 'BACK_POS' の前の定義を確認してください
     1>c:\users\game\desktop\2018gittest\tomita\ccollidermesh\3dprogramming\gamemain\scene\gamescene\effect\../../../../Define/Define.h(87): warning C4005: 'BACK_POS' : マクロが再定義されました。
                 c:\users\game\desktop\2018gittest\tomita\ccollidermesh\3dprogramming\gamemain\scene\gamescene\effect\../../../../Define/Define.h(92) : 'BACK_POS' の前の定義を確認してください
     1>c:\users\game\desktop\2018gittest\tomita\ccollidermesh\3dprogramming\gamemain\scene\gamescene\effect\../../../../Define/Define.h(92): warning C4005: 'BACK_POS' : マクロが再定義されました。
                 c:\users\game\desktop\2018gittest\tomita\ccollidermesh\3dprogramming\gamemain\scene\gamescene\effect\../../../../Define/Define.h(87) : 'BACK_POS' の前の定義を確認してください
     1>c:\users\game\desktop\2018gittest\tomita\ccollidermesh\3dprogramming\gamemain\graphic\../../Define/Define.h(87): warning C4005: 'BACK_POS' : マクロが再定義されました。
                 c:\users\game\desktop\2018gittest\tomita\ccollidermesh\3dprogramming\gamemain\graphic\../../Define/Define.h(92) : 'BACK_POS' の前の定義を確認してください
     1>C:\Users\Game\Desktop\2018GitTest\TOMITA\CColliderMesh\3DProgramming\include\../Define/Define.h(87): warning C4005: 'BACK_POS' : マクロが再定義されました。
                 C:\Users\Game\Desktop\2018GitTest\TOMITA\CColliderMesh\3DProgramming\include\../Define/Define.h(92) : 'BACK_POS' の前の定義を確認してください
     1>C:\Users\Game\Desktop\2018GitTest\TOMITA\CColliderMesh\3DProgramming\include\../Define/Define.h(92): warning C4005: 'BACK_POS' : マクロが再定義されました。
                 C:\Users\Game\Desktop\2018GitTest\TOMITA\CColliderMesh\3DProgramming\include\../Define/Define.h(87) : 'BACK_POS' の前の定義を確認してください
         CXCharPlayer.cpp
     1>c:\users\game\desktop\2018gittest\tomita\ccollidermesh\3dprogramming\gamemain\graphic\../Graphic/CTexture.h(69): warning C4996: 'fopen': This function or variable may be unsafe. Consider using fopen_s instead. To disable deprecation, use _CRT_SECURE_NO_WARNINGS. See online help for details.
                 C:\Program Files (x86)\Microsoft Visual Studio 12.0\VC\include\stdio.h(211) : 'fopen' の宣言を確認してください。
     1>c:\users\game\desktop\2018gittest\tomita\ccollidermesh\3dprogramming\gamemain\graphic\../Graphic/CTexture.h(76): warning C4996: 'strcpy': This function or variable may be unsafe. Consider using strcpy_s instead. To disable deprecation, use _CRT_SECURE_NO_WARNINGS. See online help for details.
                 C:\Program Files (x86)\Microsoft Visual Studio 12.0\VC\include\string.h(112) : 'strcpy' の宣言を確認してください。
     1>c:\users\game\desktop\2018gittest\tomita\ccollidermesh\3dprogramming\gamemain\scene\gamescene\charadate\../../../Graphic/CModelX.h(110): warning C4018: '<' : signed と unsigned の数値を比較しようとしました。
     1>c:\users\game\desktop\2018gittest\tomita\ccollidermesh\3dprogramming\gamemain\scene\gamescene\charadate\../../../Graphic/CModelX.h(234): warning C4018: '<' : signed と unsigned の数値を比較しようとしました。
     1>c:\users\game\desktop\2018gittest\tomita\ccollidermesh\3dprogramming\gamemain\scene\gamescene\charadate\../../../Graphic/CModelX.h(319): warning C4018: '<' : signed と unsigned の数値を比較しようとしました。
     1>c:\users\game\desktop\2018gittest\tomita\ccollidermesh\3dprogramming\gamemain\scene\gamescene\charadate\../../../Graphic/CModelX.h(324): warning C4018: '<' : signed と unsigned の数値を比較しようとしました。
     1>c:\users\game\desktop\2018gittest\tomita\ccollidermesh\3dprogramming\gamemain\scene\gamescene\charadate\../../../Graphic/CModelX.h(329): warning C4018: '<' : signed と unsigned の数値を比較しようとしました。
     1>c:\users\game\desktop\2018gittest\tomita\ccollidermesh\3dprogramming\gamemain\graphic\../../Define/Define.h(92): warning C4005: 'BACK_POS' : マクロが再定義されました。
                 c:\users\game\desktop\2018gittest\tomita\ccollidermesh\3dprogramming\gamemain\graphic\../../Define/Define.h(87) : 'BACK_POS' の前の定義を確認してください
     1>c:\users\game\desktop\2018gittest\tomita\ccollidermesh\3dprogramming\gamemain\scene\gamescene\map\slope\../../../../../Define/Define.h(87): warning C4005: 'BACK_POS' : マクロが再定義されました。
                 c:\users\game\desktop\2018gittest\tomita\ccollidermesh\3dprogramming\gamemain\scene\gamescene\map\slope\../../../../../Define/Define.h(92) : 'BACK_POS' の前の定義を確認してください
     1>c:\users\game\desktop\2018gittest\tomita\ccollidermesh\3dprogramming\gamemain\scene\gamescene\map\slope\../../../../../Define/Define.h(92): warning C4005: 'BACK_POS' : マクロが再定義されました。
                 c:\users\game\desktop\2018gittest\tomita\ccollidermesh\3dprogramming\gamemain\scene\gamescene\map\slope\../../../../../Define/Define.h(87) : 'BACK_POS' の前の定義を確認してください
     1>c:\users\game\desktop\2018gittest\tomita\ccollidermesh\3dprogramming\gamemain\scene\gamescene\map\../../../../Define/Define.h(87): warning C4005: 'BACK_POS' : マクロが再定義されました。
                 c:\users\game\desktop\2018gittest\tomita\ccollidermesh\3dprogramming\gamemain\scene\gamescene\map\../../../../Define/Define.h(92) : 'BACK_POS' の前の定義を確認してください
     1>c:\users\game\desktop\2018gittest\tomita\ccollidermesh\3dprogramming\gamemain\scene\gamescene\map\../../../../Define/Define.h(92): warning C4005: 'BACK_POS' : マクロが再定義されました。
                 c:\users\game\desktop\2018gittest\tomita\ccollidermesh\3dprogramming\gamemain\scene\gamescene\map\../../../../Define/Define.h(87) : 'BACK_POS' の前の定義を確認してください
     1>c:\users\game\desktop\2018gittest\tomita\ccollidermesh\3dprogramming\gamemain\scene\gamescene\effect\../../../../Define/Define.h(87): warning C4005: 'BACK_POS' : マクロが再定義されました。
                 c:\users\game\desktop\2018gittest\tomita\ccollidermesh\3dprogramming\gamemain\scene\gamescene\effect\../../../../Define/Define.h(92) : 'BACK_POS' の前の定義を確認してください
     1>c:\users\game\desktop\2018gittest\tomita\ccollidermesh\3dprogramming\gamemain\scene\gamescene\effect\../../../../Define/Define.h(92): warning C4005: 'BACK_POS' : マクロが再定義されました。
                 c:\users\game\desktop\2018gittest\tomita\ccollidermesh\3dprogramming\gamemain\scene\gamescene\effect\../../../../Define/Define.h(87) : 'BACK_POS' の前の定義を確認してください
     1>c:\users\game\desktop\2018gittest\tomita\ccollidermesh\3dprogramming\gamemain\graphic\../../Define/Define.h(87): warning C4005: 'BACK_POS' : マクロが再定義されました。
                 c:\users\game\desktop\2018gittest\tomita\ccollidermesh\3dprogramming\gamemain\graphic\../../Define/Define.h(92) : 'BACK_POS' の前の定義を確認してください
     1>c:\users\game\desktop\2018gittest\tomita\ccollidermesh\3dprogramming\gamemain\scene\gamescene\charadate\../../../../Define/Define.h(87): warning C4005: 'BACK_POS' : マクロが再定義されました。
                 c:\users\game\desktop\2018gittest\tomita\ccollidermesh\3dprogramming\gamemain\scene\gamescene\charadate\../../../../Define/Define.h(92) : 'BACK_POS' の前の定義を確認してください
     1>c:\users\game\desktop\2018gittest\tomita\ccollidermesh\3dprogramming\gamemain\scene\gamescene\charadate\../../../../Define/Define.h(92): warning C4005: 'BACK_POS' : マクロが再定義されました。
                 c:\users\game\desktop\2018gittest\tomita\ccollidermesh\3dprogramming\gamemain\scene\gamescene\charadate\../../../../Define/Define.h(87) : 'BACK_POS' の前の定義を確認してください
     1>C:\Users\Game\Desktop\2018GitTest\TOMITA\CColliderMesh\3DProgramming\include\../Define/Define.h(87): warning C4005: 'BACK_POS' : マクロが再定義されました。
                 C:\Users\Game\Desktop\2018GitTest\TOMITA\CColliderMesh\3DProgramming\include\../Define/Define.h(92) : 'BACK_POS' の前の定義を確認してください
     1>C:\Users\Game\Desktop\2018GitTest\TOMITA\CColliderMesh\3DProgramming\include\../Define/Define.h(92): warning C4005: 'BACK_POS' : マクロが再定義されました。
                 C:\Users\Game\Desktop\2018GitTest\TOMITA\CColliderMesh\3DProgramming\include\../Define/Define.h(87) : 'BACK_POS' の前の定義を確認してください
     1>C:\Users\Game\Desktop\2018GitTest\TOMITA\CColliderMesh\3DProgramming\include\../Define/define.h(87): warning C4005: 'BACK_POS' : マクロが再定義されました。
                 C:\Users\Game\Desktop\2018GitTest\TOMITA\CColliderMesh\3DProgramming\include\../Define/define.h(92) : 'BACK_POS' の前の定義を確認してください
     1>C:\Users\Game\Desktop\2018GitTest\TOMITA\CColliderMesh\3DProgramming\include\../Define/define.h(92): warning C4005: 'BACK_POS' : マクロが再定義されました。
                 C:\Users\Game\Desktop\2018GitTest\TOMITA\CColliderMesh\3DProgramming\include\../Define/define.h(87) : 'BACK_POS' の前の定義を確認してください
     1>c:\users\game\desktop\2018gittest\tomita\ccollidermesh\3dprogramming\gamemain\scene\gameresult\../ItemScene/CItem.h(11): warning C4005: 'TIP_ARRAY' : マクロが再定義されました。
                 c:\users\game\desktop\2018gittest\tomita\ccollidermesh\3dprogramming\gamemain\scene\gamescene\charadate\../Effect/CEffect2D.h(5) : 'TIP_ARRAY' の前の定義を確認してください
         CXGoal.cpp
     1>c:\users\game\desktop\2018gittest\tomita\ccollidermesh\3dprogramming\gamemain\graphic\../Graphic/CTexture.h(69): warning C4996: 'fopen': This function or variable may be unsafe. Consider using fopen_s instead. To disable deprecation, use _CRT_SECURE_NO_WARNINGS. See online help for details.
                 C:\Program Files (x86)\Microsoft Visual Studio 12.0\VC\include\stdio.h(211) : 'fopen' の宣言を確認してください。
     1>c:\users\game\desktop\2018gittest\tomita\ccollidermesh\3dprogramming\gamemain\graphic\../Graphic/CTexture.h(76): warning C4996: 'strcpy': This function or variable may be unsafe. Consider using strcpy_s instead. To disable deprecation, use _CRT_SECURE_NO_WARNINGS. See online help for details.
                 C:\Program Files (x86)\Microsoft Visual Studio 12.0\VC\include\string.h(112) : 'strcpy' の宣言を確認してください。
     1>c:\users\game\desktop\2018gittest\tomita\ccollidermesh\3dprogramming\gamemain\scene\gamescene\map\goal\../../../../Graphic/CModelX.h(110): warning C4018: '<' : signed と unsigned の数値を比較しようとしました。
     1>c:\users\game\desktop\2018gittest\tomita\ccollidermesh\3dprogramming\gamemain\scene\gamescene\map\goal\../../../../Graphic/CModelX.h(234): warning C4018: '<' : signed と unsigned の数値を比較しようとしました。
     1>c:\users\game\desktop\2018gittest\tomita\ccollidermesh\3dprogramming\gamemain\scene\gamescene\map\goal\../../../../Graphic/CModelX.h(319): warning C4018: '<' : signed と unsigned の数値を比較しようとしました。
     1>c:\users\game\desktop\2018gittest\tomita\ccollidermesh\3dprogramming\gamemain\scene\gamescene\map\goal\../../../../Graphic/CModelX.h(324): warning C4018: '<' : signed と unsigned の数値を比較しようとしました。
     1>c:\users\game\desktop\2018gittest\tomita\ccollidermesh\3dprogramming\gamemain\scene\gamescene\map\goal\../../../../Graphic/CModelX.h(329): warning C4018: '<' : signed と unsigned の数値を比較しようとしました。
     1>c:\users\game\desktop\2018gittest\tomita\ccollidermesh\3dprogramming\gamemain\scene\gamescene\effect\../../../../Define/Define.h(92): warning C4005: 'BACK_POS' : マクロが再定義されました。
                 c:\users\game\desktop\2018gittest\tomita\ccollidermesh\3dprogramming\gamemain\scene\gamescene\effect\../../../../Define/Define.h(87) : 'BACK_POS' の前の定義を確認してください
     1>c:\users\game\desktop\2018gittest\tomita\ccollidermesh\3dprogramming\gamemain\scene\gamescene\map\goal\../../../../../Define/Define.h(87): warning C4005: 'BACK_POS' : マクロが再定義されました。
                 c:\users\game\desktop\2018gittest\tomita\ccollidermesh\3dprogramming\gamemain\scene\gamescene\map\goal\../../../../../Define/Define.h(92) : 'BACK_POS' の前の定義を確認してください
     1>c:\users\game\desktop\2018gittest\tomita\ccollidermesh\3dprogramming\gamemain\scene\gamescene\map\goal\../../../../../Define/Define.h(92): warning C4005: 'BACK_POS' : マクロが再定義されました。
                 c:\users\game\desktop\2018gittest\tomita\ccollidermesh\3dprogramming\gamemain\scene\gamescene\map\goal\../../../../../Define/Define.h(87) : 'BACK_POS' の前の定義を確認してください
     1>c:\users\game\desktop\2018gittest\tomita\ccollidermesh\3dprogramming\gamemain\graphic\../../Define/Define.h(87): warning C4005: 'BACK_POS' : マクロが再定義されました。
                 c:\users\game\desktop\2018gittest\tomita\ccollidermesh\3dprogramming\gamemain\graphic\../../Define/Define.h(92) : 'BACK_POS' の前の定義を確認してください
     1>c:\users\game\desktop\2018gittest\tomita\ccollidermesh\3dprogramming\gamemain\graphic\../../Define/Define.h(92): warning C4005: 'BACK_POS' : マクロが再定義されました。
                 c:\users\game\desktop\2018gittest\tomita\ccollidermesh\3dprogramming\gamemain\graphic\../../Define/Define.h(87) : 'BACK_POS' の前の定義を確認してください
     1>c:\users\game\desktop\2018gittest\tomita\ccollidermesh\3dprogramming\gamemain\scene\gamescene\map\../../../../Define/Define.h(87): warning C4005: 'BACK_POS' : マクロが再定義されました。
                 c:\users\game\desktop\2018gittest\tomita\ccollidermesh\3dprogramming\gamemain\scene\gamescene\map\../../../../Define/Define.h(92) : 'BACK_POS' の前の定義を確認してください
     1>c:\users\game\desktop\2018gittest\tomita\ccollidermesh\3dprogramming\gamemain\scene\gamescene\map\../../../../Define/Define.h(92): warning C4005: 'BACK_POS' : マクロが再定義されました。
                 c:\users\game\desktop\2018gittest\tomita\ccollidermesh\3dprogramming\gamemain\scene\gamescene\map\../../../../Define/Define.h(87) : 'BACK_POS' の前の定義を確認してください
     1>c:\users\game\desktop\2018gittest\tomita\ccollidermesh\3dprogramming\gamemain\scene\gamescene\map\slope\../../../../../Define/Define.h(87): warning C4005: 'BACK_POS' : マクロが再定義されました。
                 c:\users\game\desktop\2018gittest\tomita\ccollidermesh\3dprogramming\gamemain\scene\gamescene\map\slope\../../../../../Define/Define.h(92) : 'BACK_POS' の前の定義を確認してください
     1>c:\users\game\desktop\2018gittest\tomita\ccollidermesh\3dprogramming\gamemain\scene\gamescene\map\slope\../../../../../Define/Define.h(92): warning C4005: 'BACK_POS' : マクロが再定義されました。
                 c:\users\game\desktop\2018gittest\tomita\ccollidermesh\3dprogramming\gamemain\scene\gamescene\map\slope\../../../../../Define/Define.h(87) : 'BACK_POS' の前の定義を確認してください
         CXPuck.cpp
     1>c:\users\game\desktop\2018gittest\tomita\ccollidermesh\3dprogramming\gamemain\graphic\CTexture.h(69): warning C4996: 'fopen': This function or variable may be unsafe. Consider using fopen_s instead. To disable deprecation, use _CRT_SECURE_NO_WARNINGS. See online help for details.
                 C:\Program Files (x86)\Microsoft Visual Studio 12.0\VC\include\stdio.h(211) : 'fopen' の宣言を確認してください。
     1>c:\users\game\desktop\2018gittest\tomita\ccollidermesh\3dprogramming\gamemain\graphic\CTexture.h(76): warning C4996: 'strcpy': This function or variable may be unsafe. Consider using strcpy_s instead. To disable deprecation, use _CRT_SECURE_NO_WARNINGS. See online help for details.
                 C:\Program Files (x86)\Microsoft Visual Studio 12.0\VC\include\string.h(112) : 'strcpy' の宣言を確認してください。
     1>c:\users\game\desktop\2018gittest\tomita\ccollidermesh\3dprogramming\gamemain\graphic\../../Define/Define.h(92): warning C4005: 'BACK_POS' : マクロが再定義されました。
                 c:\users\game\desktop\2018gittest\tomita\ccollidermesh\3dprogramming\gamemain\graphic\../../Define/Define.h(87) : 'BACK_POS' の前の定義を確認してください
     1>c:\users\game\desktop\2018gittest\tomita\ccollidermesh\3dprogramming\gamemain\scene\gamescene\map\slope\../../../../../Define/Define.h(87): warning C4005: 'BACK_POS' : マクロが再定義されました。
                 c:\users\game\desktop\2018gittest\tomita\ccollidermesh\3dprogramming\gamemain\scene\gamescene\map\slope\../../../../../Define/Define.h(92) : 'BACK_POS' の前の定義を確認してください
     1>c:\users\game\desktop\2018gittest\tomita\ccollidermesh\3dprogramming\gamemain\scene\gamescene\map\slope\../../../../../Define/Define.h(92): warning C4005: 'BACK_POS' : マクロが再定義されました。
                 c:\users\game\desktop\2018gittest\tomita\ccollidermesh\3dprogramming\gamemain\scene\gamescene\map\slope\../../../../../Define/Define.h(87) : 'BACK_POS' の前の定義を確認してください
     1>c:\users\game\desktop\2018gittest\tomita\ccollidermesh\3dprogramming\gamemain\scene\gamescene\map\../../../../Define/Define.h(87): warning C4005: 'BACK_POS' : マクロが再定義されました。
                 c:\users\game\desktop\2018gittest\tomita\ccollidermesh\3dprogramming\gamemain\scene\gamescene\map\../../../../Define/Define.h(92) : 'BACK_POS' の前の定義を確認してください
     1>c:\users\game\desktop\2018gittest\tomita\ccollidermesh\3dprogramming\gamemain\scene\gamescene\map\../../../../Define/Define.h(92): warning C4005: 'BACK_POS' : マクロが再定義されました。
                 c:\users\game\desktop\2018gittest\tomita\ccollidermesh\3dprogramming\gamemain\scene\gamescene\map\../../../../Define/Define.h(87) : 'BACK_POS' の前の定義を確認してください
     1>c:\users\game\desktop\2018gittest\tomita\ccollidermesh\3dprogramming\gamemain\scene\gamescene\puck\../../../Graphic/CModelX.h(110): warning C4018: '<' : signed と unsigned の数値を比較しようとしました。
     1>c:\users\game\desktop\2018gittest\tomita\ccollidermesh\3dprogramming\gamemain\scene\gamescene\puck\../../../Graphic/CModelX.h(234): warning C4018: '<' : signed と unsigned の数値を比較しようとしました。
     1>c:\users\game\desktop\2018gittest\tomita\ccollidermesh\3dprogramming\gamemain\scene\gamescene\puck\../../../Graphic/CModelX.h(319): warning C4018: '<' : signed と unsigned の数値を比較しようとしました。
     1>c:\users\game\desktop\2018gittest\tomita\ccollidermesh\3dprogramming\gamemain\scene\gamescene\puck\../../../Graphic/CModelX.h(324): warning C4018: '<' : signed と unsigned の数値を比較しようとしました。
     1>c:\users\game\desktop\2018gittest\tomita\ccollidermesh\3dprogramming\gamemain\scene\gamescene\puck\../../../Graphic/CModelX.h(329): warning C4018: '<' : signed と unsigned の数値を比較しようとしました。
     1>c:\users\game\desktop\2018gittest\tomita\ccollidermesh\3dprogramming\gamemain\scene\gamescene\puck\../../../../Define/Define.h(87): warning C4005: 'BACK_POS' : マクロが再定義されました。
                 c:\users\game\desktop\2018gittest\tomita\ccollidermesh\3dprogramming\gamemain\scene\gamescene\puck\../../../../Define/Define.h(92) : 'BACK_POS' の前の定義を確認してください
     1>c:\users\game\desktop\2018gittest\tomita\ccollidermesh\3dprogramming\gamemain\scene\gamescene\puck\../../../../Define/Define.h(92): warning C4005: 'BACK_POS' : マクロが再定義されました。
                 c:\users\game\desktop\2018gittest\tomita\ccollidermesh\3dprogramming\gamemain\scene\gamescene\puck\../../../../Define/Define.h(87) : 'BACK_POS' の前の定義を確認してください
     1>c:\users\game\desktop\2018gittest\tomita\ccollidermesh\3dprogramming\gamemain\graphic\../../Define/Define.h(87): warning C4005: 'BACK_POS' : マクロが再定義されました。
                 c:\users\game\desktop\2018gittest\tomita\ccollidermesh\3dprogramming\gamemain\graphic\../../Define/Define.h(92) : 'BACK_POS' の前の定義を確認してください
     1>c:\users\game\desktop\2018gittest\tomita\ccollidermesh\3dprogramming\gamemain\scene\gamescene\effect\../../../../Define/Define.h(87): warning C4005: 'BACK_POS' : マクロが再定義されました。
                 c:\users\game\desktop\2018gittest\tomita\ccollidermesh\3dprogramming\gamemain\scene\gamescene\effect\../../../../Define/Define.h(92) : 'BACK_POS' の前の定義を確認してください
     1>c:\users\game\desktop\2018gittest\tomita\ccollidermesh\3dprogramming\gamemain\scene\gamescene\effect\../../../../Define/Define.h(92): warning C4005: 'BACK_POS' : マクロが再定義されました。
                 c:\users\game\desktop\2018gittest\tomita\ccollidermesh\3dprogramming\gamemain\scene\gamescene\effect\../../../../Define/Define.h(87) : 'BACK_POS' の前の定義を確認してください
     1>C:\Users\Game\Desktop\2018GitTest\TOMITA\CColliderMesh\3DProgramming\include\../Define/define.h(87): warning C4005: 'BACK_POS' : マクロが再定義されました。
                 C:\Users\Game\Desktop\2018GitTest\TOMITA\CColliderMesh\3DProgramming\include\../Define/define.h(92) : 'BACK_POS' の前の定義を確認してください
     1>C:\Users\Game\Desktop\2018GitTest\TOMITA\CColliderMesh\3DProgramming\include\../Define/define.h(92): warning C4005: 'BACK_POS' : マクロが再定義されました。
                 C:\Users\Game\Desktop\2018GitTest\TOMITA\CColliderMesh\3DProgramming\include\../Define/define.h(87) : 'BACK_POS' の前の定義を確認してください
     1>c:\users\game\desktop\2018gittest\tomita\ccollidermesh\3dprogramming\gamemain\scene\gameresult\../ItemScene/CItem.h(11): warning C4005: 'TIP_ARRAY' : マクロが再定義されました。
                 c:\users\game\desktop\2018gittest\tomita\ccollidermesh\3dprogramming\gamemain\scene\gamescene\charadate\../Effect/CEffect2D.h(5) : 'TIP_ARRAY' の前の定義を確認してください
       Link:
         C:\Program Files (x86)\Microsoft Visual Studio 12.0\VC\bin\link.exe /ERRORREPORT:PROMPT /OUT:"C:\Users\Game\Desktop\2018GitTest\TOMITA\CColliderMesh\Release\3DProgramming.exe" /NOLOGO glew32.lib glfw3dll.lib glfw3.lib kernel32.lib user32.lib gdi32.lib winspool.lib comdlg32.lib advapi32.lib shell32.lib ole32.lib oleaut32.lib uuid.lib odbc32.lib odbccp32.lib /MANIFEST /MANIFESTUAC:"level='asInvoker' uiAccess='false'" /manifest:embed /DEBUG /PDB:"C:\Users\Game\Desktop\2018GitTest\TOMITA\CColliderMesh\Release\3DProgramming.pdb" /OPT:REF /OPT:ICF /LTCG /TLBID:1 /DYNAMICBASE /NXCOMPAT /IMPLIB:"C:\Users\Game\Desktop\2018GitTest\TOMITA\CColliderMesh\Release\3DProgramming.lib" /MACHINE:X86 /SAFESEH Release\CBase.obj
         Release\CCollider3.obj
         Release\CModelObj.obj
         Release\CCamera.obj
         Release\CCollider.obj
         Release\CCollision.obj
         Release\CCollisionManager.obj
         Release\CCollision2D.obj
         Release\CConvenient.obj
         Release\CCsve.obj
         Release\CBillBoard.obj
         Release\CBox.obj
         Release\CHpBar.obj
         Release\CLoadTexManager.obj
         Release\CModelX.obj
         Release\CRectangle.obj
         Release\CRectangle2.obj
         Release\CShader.obj
         Release\CTriangle.obj
         Release\CTriangle2.obj
         Release\CTriangularPrism.obj
         Release\CInput.obj
         Release\CKey.obj
         Release\CMouse.obj
         Release\CMatrix44.obj
         Release\CCountDown.obj
         Release\CScene.obj
         Release\CSceneManager.obj
         Release\CGameClear.obj
         Release\CGameClearScene.obj
         Release\CGameOver.obj
         Release\CGameOverScene.obj
         Release\CGameResult.obj
         Release\CGameScene.obj
         Release\CSceneModel.obj
         Release\CXCharacter.obj
         Release\CXCharEnemy.obj
         Release\CXCharPlayer.obj
         Release\CEffect2D.obj
         Release\CExplosion.obj
         Release\CMap.obj
         Release\CFastFloor.obj
         Release\CXGoal.obj
         Release\CHighBox.obj
         Release\CNet.obj
         Release\CSlope.obj
         Release\CSlowFloor.obj
         Release\CTrampoline.obj
         Release\CPause.obj
         Release\CXPuck.obj
         Release\CScoreBoard.obj
         Release\CHome.obj
         Release\CHomeScene.obj
         Release\CItem.obj
         Release\CItemScene.obj
         Release\COption.obj
         Release\COptionScene.obj
         Release\CQuest.obj
         Release\CQuestScene.obj
         Release\CShop.obj
         Release\CShopCreating.obj
         Release\CShopScene.obj
         Release\CTitle.obj
         Release\CTitleScene.obj
         Release\CTask.obj
         Release\CTaskManager.obj
         Release\CVector2.obj
         Release\CVector3.obj
         Release\CVector4.obj
         Release\CLight.obj
         Release\main.obj
         コード生成しています。
     1>c:\users\game\desktop\2018gittest\tomita\ccollidermesh\3dprogramming\gamemain\scene\gamescene\map\cmap.cpp(118): warning C4715: 'CMap::GoalPlayerFirstPos' : 値を返さないコントロール パスがあります。
     1>c:\users\game\desktop\2018gittest\tomita\ccollidermesh\3dprogramming\gamemain\scene\gamescene\map\cmap.cpp(127): warning C4715: 'CMap::GoalEnemyFirstPos' : 値を返さないコントロール パスがあります。
     1>c:\users\game\desktop\2018gittest\tomita\ccollidermesh\3dprogramming\gamemain\scene\gamescene\map\cmap.cpp(109): warning C4715: 'CMap::EnemyFirstPos' : 値を返さないコントロール パスがあります。
     1>c:\users\game\desktop\2018gittest\tomita\ccollidermesh\3dprogramming\gamemain\scene\gamescene\map\cmap.cpp(100): warning C4715: 'CMap::PlayerFirstPos' : 値を返さないコントロール パスがあります。
         コード生成が終了しました。
         3DProgramming.vcxproj -> C:\Users\Game\Desktop\2018GitTest\TOMITA\CColliderMesh\Release\3DProgramming.exe
     1>プロジェクト "C:\Users\Game\Desktop\2018GitTest\TOMITA\CColliderMesh\3DProgramming\3DProgramming.vcxproj" (Build ターゲット) のビルドが完了しました。

ビルドに成功しました。

経過時間 00:00:16.45
