c:\users\game\desktop\oc160821start_3dprogramming\3dprogramming\debug\vc120.pdb
c:\users\game\desktop\oc170714finish_3dprogramming\3dprogramming\debug\vc120.pdb
c:\users\game\desktop\oc170714finish_3dprogramming\3dprogramming\debug\vc120.idb
c:\users\game\desktop\oc170714finish_3dprogramming\3dprogramming\debug\ccamera.obj
c:\users\game\desktop\oc170714finish_3dprogramming\3dprogramming\debug\ccollision.obj
c:\users\game\desktop\oc170714finish_3dprogramming\3dprogramming\debug\cfps.obj
c:\users\game\desktop\oc170714finish_3dprogramming\3dprogramming\debug\cimage.obj
c:\users\game\desktop\oc170714finish_3dprogramming\3dprogramming\debug\ckey.obj
c:\users\game\desktop\oc170714finish_3dprogramming\3dprogramming\debug\clight.obj
c:\users\game\desktop\oc170714finish_3dprogramming\3dprogramming\debug\cmatrix.obj
c:\users\game\desktop\oc170714finish_3dprogramming\3dprogramming\debug\cmodelobj.obj
c:\users\game\desktop\oc170714finish_3dprogramming\3dprogramming\debug\cmodelsx.obj
c:\users\game\desktop\oc170714finish_3dprogramming\3dprogramming\debug\cmodelx.obj
c:\users\game\desktop\oc170714finish_3dprogramming\3dprogramming\debug\cshader.obj
c:\users\game\desktop\oc170714finish_3dprogramming\3dprogramming\debug\ctexture.obj
c:\users\game\desktop\oc170714finish_3dprogramming\3dprogramming\debug\cxloader.obj
c:\users\game\desktop\oc170714finish_3dprogramming\3dprogramming\debug\cxmodelloader.obj
c:\users\game\desktop\oc170714finish_3dprogramming\3dprogramming\debug\cxsmodelloader.obj
c:\users\game\desktop\oc170714finish_3dprogramming\3dprogramming\debug\main.obj
c:\users\game\desktop\oc160821start_3dprogramming\debug\3dprogramming.ilk
c:\users\game\desktop\oc160821start_3dprogramming\debug\3dprogramming.exe
c:\users\game\desktop\oc160821start_3dprogramming\debug\3dprogramming.pdb
c:\users\game\desktop\oc170714finish_3dprogramming\debug\3dprogramming.ilk
c:\users\game\desktop\oc170714finish_3dprogramming\debug\3dprogramming.exe
c:\users\game\desktop\oc170714finish_3dprogramming\debug\3dprogramming.pdb
c:\users\game\desktop\2018gittest\tomita\skyboxsamplepushikkey\3dprogramming\debug\ccamera.obj
c:\users\game\desktop\2018gittest\tomita\skyboxsamplepushikkey\3dprogramming\debug\ccollision.obj
c:\users\game\desktop\2018gittest\tomita\skyboxsamplepushikkey\3dprogramming\debug\cfps.obj
c:\users\game\desktop\2018gittest\tomita\skyboxsamplepushikkey\3dprogramming\debug\cimage.obj
c:\users\game\desktop\2018gittest\tomita\skyboxsamplepushikkey\3dprogramming\debug\ckey.obj
c:\users\game\desktop\2018gittest\tomita\skyboxsamplepushikkey\3dprogramming\debug\clight.obj
c:\users\game\desktop\2018gittest\tomita\skyboxsamplepushikkey\3dprogramming\debug\cmatrix.obj
c:\users\game\desktop\2018gittest\tomita\skyboxsamplepushikkey\3dprogramming\debug\cmodelobj.obj
c:\users\game\desktop\2018gittest\tomita\skyboxsamplepushikkey\3dprogramming\debug\cmodelsx.obj
c:\users\game\desktop\2018gittest\tomita\skyboxsamplepushikkey\3dprogramming\debug\cmodelx.obj
c:\users\game\desktop\2018gittest\tomita\skyboxsamplepushikkey\3dprogramming\debug\cshader.obj
c:\users\game\desktop\2018gittest\tomita\skyboxsamplepushikkey\3dprogramming\debug\ctexture.obj
c:\users\game\desktop\2018gittest\tomita\skyboxsamplepushikkey\3dprogramming\debug\cxloader.obj
c:\users\game\desktop\2018gittest\tomita\skyboxsamplepushikkey\3dprogramming\debug\cxmodelloader.obj
c:\users\game\desktop\2018gittest\tomita\skyboxsamplepushikkey\3dprogramming\debug\cxsmodelloader.obj
c:\users\game\desktop\2018gittest\tomita\skyboxsamplepushikkey\3dprogramming\debug\main.obj
c:\users\game\desktop\2018gittest\tomita\skyboxsamplepushikkey\3dprogramming\debug\vc120.idb
c:\users\game\desktop\2018gittest\tomita\skyboxsamplepushikkey\3dprogramming\debug\vc120.pdb
c:\users\game\desktop\2018gittest\tomita\skyboxsamplepushikkey\debug\3dprogramming.pdb
c:\users\game\desktop\2018gittest\tomita\skyboxsamplepushikkey\debug\3dprogramming.exe
c:\users\game\desktop\2018gittest\tomita\skyboxsamplepushikkey\debug\3dprogramming.ilk
c:\users\game\desktop\2018gittest\tomita\skyboxsamplepushikkey\3dprogramming\debug\3dprogramming.tlog\cl.command.1.tlog
c:\users\game\desktop\2018gittest\tomita\skyboxsamplepushikkey\3dprogramming\debug\3dprogramming.tlog\cl.read.1.tlog
c:\users\game\desktop\2018gittest\tomita\skyboxsamplepushikkey\3dprogramming\debug\3dprogramming.tlog\cl.write.1.tlog
c:\users\game\desktop\2018gittest\tomita\skyboxsamplepushikkey\3dprogramming\debug\3dprogramming.tlog\link.command.1.tlog
c:\users\game\desktop\2018gittest\tomita\skyboxsamplepushikkey\3dprogramming\debug\3dprogramming.tlog\link.read.1.tlog
c:\users\game\desktop\2018gittest\tomita\skyboxsamplepushikkey\3dprogramming\debug\3dprogramming.tlog\link.write.1.tlog
