cl : コマンド ライン warning D9025: '/sdl-' より '/GS-' が優先されます。
  CSceneModel.cpp
c:\users\tomi-\desktop\tomita\3dprogramming\gamemain\graphic\../Graphic/CTexture.h(69): warning C4996: 'fopen': This function or variable may be unsafe. Consider using fopen_s instead. To disable deprecation, use _CRT_SECURE_NO_WARNINGS. See online help for details.
          C:\Program Files (x86)\Microsoft Visual Studio 12.0\VC\include\stdio.h(211) : 'fopen' の宣言を確認してください。
c:\users\tomi-\desktop\tomita\3dprogramming\gamemain\graphic\../Graphic/CTexture.h(76): warning C4996: 'strcpy': This function or variable may be unsafe. Consider using strcpy_s instead. To disable deprecation, use _CRT_SECURE_NO_WARNINGS. See online help for details.
          C:\Program Files (x86)\Microsoft Visual Studio 12.0\VC\include\string.h(112) : 'strcpy' の宣言を確認してください。
c:\users\tomi-\desktop\tomita\3dprogramming\gamemain\scene\gamescene\charadate\../../../Graphic/CModelX.h(109): warning C4018: '<' : signed と unsigned の数値を比較しようとしました。
c:\users\tomi-\desktop\tomita\3dprogramming\gamemain\scene\gamescene\charadate\../../../Graphic/CModelX.h(233): warning C4018: '<' : signed と unsigned の数値を比較しようとしました。
c:\users\tomi-\desktop\tomita\3dprogramming\gamemain\scene\gamescene\charadate\../../../Graphic/CModelX.h(318): warning C4018: '<' : signed と unsigned の数値を比較しようとしました。
c:\users\tomi-\desktop\tomita\3dprogramming\gamemain\scene\gamescene\charadate\../../../Graphic/CModelX.h(323): warning C4018: '<' : signed と unsigned の数値を比較しようとしました。
c:\users\tomi-\desktop\tomita\3dprogramming\gamemain\scene\gamescene\charadate\../../../Graphic/CModelX.h(328): warning C4018: '<' : signed と unsigned の数値を比較しようとしました。
c:\users\tomi-\desktop\tomita\3dprogramming\gamemain\graphic\../../Define/Define.h(92): warning C4005: 'BACK_POS' : マクロが再定義されました。
          c:\users\tomi-\desktop\tomita\3dprogramming\gamemain\graphic\../../Define/Define.h(87) : 'BACK_POS' の前の定義を確認してください
c:\users\tomi-\desktop\tomita\3dprogramming\gamemain\scene\gamescene\effect\../../../../Define/Define.h(87): warning C4005: 'BACK_POS' : マクロが再定義されました。
          c:\users\tomi-\desktop\tomita\3dprogramming\gamemain\scene\gamescene\effect\../../../../Define/Define.h(92) : 'BACK_POS' の前の定義を確認してください
c:\users\tomi-\desktop\tomita\3dprogramming\gamemain\scene\gamescene\effect\../../../../Define/Define.h(92): warning C4005: 'BACK_POS' : マクロが再定義されました。
          c:\users\tomi-\desktop\tomita\3dprogramming\gamemain\scene\gamescene\effect\../../../../Define/Define.h(87) : 'BACK_POS' の前の定義を確認してください
c:\users\tomi-\desktop\tomita\3dprogramming\gamemain\graphic\../../Define/Define.h(87): warning C4005: 'BACK_POS' : マクロが再定義されました。
          c:\users\tomi-\desktop\tomita\3dprogramming\gamemain\graphic\../../Define/Define.h(92) : 'BACK_POS' の前の定義を確認してください
c:\users\tomi-\desktop\tomita\3dprogramming\gamemain\scene\gamescene\map\slope\../../../../../Define/Define.h(87): warning C4005: 'BACK_POS' : マクロが再定義されました。
          c:\users\tomi-\desktop\tomita\3dprogramming\gamemain\scene\gamescene\map\slope\../../../../../Define/Define.h(92) : 'BACK_POS' の前の定義を確認してください
c:\users\tomi-\desktop\tomita\3dprogramming\gamemain\scene\gamescene\map\slope\../../../../../Define/Define.h(92): warning C4005: 'BACK_POS' : マクロが再定義されました。
          c:\users\tomi-\desktop\tomita\3dprogramming\gamemain\scene\gamescene\map\slope\../../../../../Define/Define.h(87) : 'BACK_POS' の前の定義を確認してください
c:\users\tomi-\desktop\tomita\3dprogramming\gamemain\scene\gamescene\charadate\../../../../Define/Define.h(87): warning C4005: 'BACK_POS' : マクロが再定義されました。
          c:\users\tomi-\desktop\tomita\3dprogramming\gamemain\scene\gamescene\charadate\../../../../Define/Define.h(92) : 'BACK_POS' の前の定義を確認してください
c:\users\tomi-\desktop\tomita\3dprogramming\gamemain\scene\gamescene\charadate\../../../../Define/Define.h(92): warning C4005: 'BACK_POS' : マクロが再定義されました。
          c:\users\tomi-\desktop\tomita\3dprogramming\gamemain\scene\gamescene\charadate\../../../../Define/Define.h(87) : 'BACK_POS' の前の定義を確認してください
c:\users\tomi-\desktop\tomita\3dprogramming\gamemain\scene\gamescene\map\../../../../Define/Define.h(87): warning C4005: 'BACK_POS' : マクロが再定義されました。
          c:\users\tomi-\desktop\tomita\3dprogramming\gamemain\scene\gamescene\map\../../../../Define/Define.h(92) : 'BACK_POS' の前の定義を確認してください
c:\users\tomi-\desktop\tomita\3dprogramming\gamemain\scene\gamescene\map\../../../../Define/Define.h(92): warning C4005: 'BACK_POS' : マクロが再定義されました。
          c:\users\tomi-\desktop\tomita\3dprogramming\gamemain\scene\gamescene\map\../../../../Define/Define.h(87) : 'BACK_POS' の前の定義を確認してください
C:\Users\tomi-\Desktop\TOMITA\3DProgramming\include\../Define/Define.h(87): warning C4005: 'BACK_POS' : マクロが再定義されました。
          C:\Users\tomi-\Desktop\TOMITA\3DProgramming\include\../Define/Define.h(92) : 'BACK_POS' の前の定義を確認してください
C:\Users\tomi-\Desktop\TOMITA\3DProgramming\include\../Define/Define.h(92): warning C4005: 'BACK_POS' : マクロが再定義されました。
          C:\Users\tomi-\Desktop\TOMITA\3DProgramming\include\../Define/Define.h(87) : 'BACK_POS' の前の定義を確認してください
C:\Users\tomi-\Desktop\TOMITA\3DProgramming\include\../Define/define.h(87): warning C4005: 'BACK_POS' : マクロが再定義されました。
          C:\Users\tomi-\Desktop\TOMITA\3DProgramming\include\../Define/define.h(92) : 'BACK_POS' の前の定義を確認してください
C:\Users\tomi-\Desktop\TOMITA\3DProgramming\include\../Define/define.h(92): warning C4005: 'BACK_POS' : マクロが再定義されました。
          C:\Users\tomi-\Desktop\TOMITA\3DProgramming\include\../Define/define.h(87) : 'BACK_POS' の前の定義を確認してください
c:\users\tomi-\desktop\tomita\3dprogramming\gamemain\scene\gameresult\../ItemScene/CItem.h(11): warning C4005: 'TIP_ARRAY' : マクロが再定義されました。
          c:\users\tomi-\desktop\tomita\3dprogramming\gamemain\scene\gamescene\effect\CEffect2D.h(5) : 'TIP_ARRAY' の前の定義を確認してください
GameMain\Scene\GameScene\CharaDate\CSceneModel.cpp(28): warning C4005: 'ANGLE_5' : マクロが再定義されました。
          C:\Users\tomi-\Desktop\TOMITA\3DProgramming\include\../Define/define.h(109) : 'ANGLE_5' の前の定義を確認してください
GameMain\Scene\GameScene\CharaDate\CSceneModel.cpp(29): warning C4005: 'ANGLE_180' : マクロが再定義されました。
          C:\Users\tomi-\Desktop\TOMITA\3DProgramming\include\../Define/define.h(104) : 'ANGLE_180' の前の定義を確認してください
  コード生成しています。
c:\users\tomi-\desktop\tomita\3dprogramming\gamemain\scene\gamescene\map\cmap.cpp(120): warning C4715: 'CMap::GoalPlayerFirstPos' : 値を返さないコントロール パスがあります。
c:\users\tomi-\desktop\tomita\3dprogramming\gamemain\scene\gamescene\map\cmap.cpp(111): warning C4715: 'CMap::EnemyFirstPos' : 値を返さないコントロール パスがあります。
c:\users\tomi-\desktop\tomita\3dprogramming\gamemain\scene\gamescene\map\cmap.cpp(102): warning C4715: 'CMap::PlayerFirstPos' : 値を返さないコントロール パスがあります。
c:\users\tomi-\desktop\tomita\3dprogramming\gamemain\scene\gamescene\map\cmap.cpp(129): warning C4715: 'CMap::GoalEnemyFirstPos' : 値を返さないコントロール パスがあります。
  コード生成が終了しました。
  3DProgramming.vcxproj -> C:\Users\tomi-\Desktop\TOMITA\Release\3DProgramming.exe
