c:\users\game\desktop\2018gittest\tomita\ccollidermesh\3dprogramming\release\vc120.pdb
c:\users\game\desktop\2018gittest\tomita\ccollidermesh\3dprogramming\release\ctriangularprism.obj
c:\users\game\desktop\2018gittest\tomita\ccollidermesh\3dprogramming\release\ctriangle2.obj
c:\users\game\desktop\2018gittest\tomita\ccollidermesh\3dprogramming\release\ctriangle.obj
c:\users\game\desktop\2018gittest\tomita\ccollidermesh\3dprogramming\release\cshader.obj
c:\users\game\desktop\2018gittest\tomita\ccollidermesh\3dprogramming\release\crectangle2.obj
c:\users\game\desktop\2018gittest\tomita\ccollidermesh\3dprogramming\release\crectangle.obj
c:\users\game\desktop\2018gittest\tomita\ccollidermesh\3dprogramming\release\cmodelx.obj
c:\users\game\desktop\2018gittest\tomita\ccollidermesh\3dprogramming\release\cloadtexmanager.obj
c:\users\game\desktop\2018gittest\tomita\ccollidermesh\3dprogramming\release\chpbar.obj
c:\users\game\desktop\2018gittest\tomita\ccollidermesh\3dprogramming\release\cbox.obj
c:\users\game\desktop\2018gittest\tomita\ccollidermesh\3dprogramming\release\cbillboard.obj
c:\users\game\desktop\2018gittest\tomita\ccollidermesh\3dprogramming\release\ccsve.obj
c:\users\game\desktop\2018gittest\tomita\ccollidermesh\3dprogramming\release\cconvenient.obj
c:\users\game\desktop\2018gittest\tomita\ccollidermesh\3dprogramming\release\ccollision2d.obj
c:\users\game\desktop\2018gittest\tomita\ccollidermesh\3dprogramming\release\ccollisionmanager.obj
c:\users\game\desktop\2018gittest\tomita\ccollidermesh\3dprogramming\release\ccollision.obj
c:\users\game\desktop\2018gittest\tomita\ccollidermesh\3dprogramming\release\ccollider.obj
c:\users\game\desktop\2018gittest\tomita\ccollidermesh\3dprogramming\release\ccamera.obj
c:\users\game\desktop\2018gittest\tomita\ccollidermesh\3dprogramming\release\cmodelobj.obj
c:\users\game\desktop\2018gittest\tomita\ccollidermesh\3dprogramming\release\cbase.obj
c:\users\game\desktop\2018gittest\tomita\ccollidermesh\3dprogramming\release\cmap.obj
c:\users\game\desktop\2018gittest\tomita\ccollidermesh\3dprogramming\release\cexplosion.obj
c:\users\game\desktop\2018gittest\tomita\ccollidermesh\3dprogramming\release\ceffect2d.obj
c:\users\game\desktop\2018gittest\tomita\ccollidermesh\3dprogramming\release\cxcharplayer.obj
c:\users\game\desktop\2018gittest\tomita\ccollidermesh\3dprogramming\release\cxcharenemy.obj
c:\users\game\desktop\2018gittest\tomita\ccollidermesh\3dprogramming\release\cxcharacter.obj
c:\users\game\desktop\2018gittest\tomita\ccollidermesh\3dprogramming\release\cscenemodel.obj
c:\users\game\desktop\2018gittest\tomita\ccollidermesh\3dprogramming\release\cgamescene.obj
c:\users\game\desktop\2018gittest\tomita\ccollidermesh\3dprogramming\release\cgameresult.obj
c:\users\game\desktop\2018gittest\tomita\ccollidermesh\3dprogramming\release\cgameoverscene.obj
c:\users\game\desktop\2018gittest\tomita\ccollidermesh\3dprogramming\release\cgameover.obj
c:\users\game\desktop\2018gittest\tomita\ccollidermesh\3dprogramming\release\cgameclearscene.obj
c:\users\game\desktop\2018gittest\tomita\ccollidermesh\3dprogramming\release\cgameclear.obj
c:\users\game\desktop\2018gittest\tomita\ccollidermesh\3dprogramming\release\cscenemanager.obj
c:\users\game\desktop\2018gittest\tomita\ccollidermesh\3dprogramming\release\cscene.obj
c:\users\game\desktop\2018gittest\tomita\ccollidermesh\3dprogramming\release\ccountdown.obj
c:\users\game\desktop\2018gittest\tomita\ccollidermesh\3dprogramming\release\cmatrix44.obj
c:\users\game\desktop\2018gittest\tomita\ccollidermesh\3dprogramming\release\cmouse.obj
c:\users\game\desktop\2018gittest\tomita\ccollidermesh\3dprogramming\release\ckey.obj
c:\users\game\desktop\2018gittest\tomita\ccollidermesh\3dprogramming\release\cinput.obj
c:\users\game\desktop\2018gittest\tomita\ccollidermesh\3dprogramming\release\cshopcreating.obj
c:\users\game\desktop\2018gittest\tomita\ccollidermesh\3dprogramming\release\cshop.obj
c:\users\game\desktop\2018gittest\tomita\ccollidermesh\3dprogramming\release\cquestscene.obj
c:\users\game\desktop\2018gittest\tomita\ccollidermesh\3dprogramming\release\cquest.obj
c:\users\game\desktop\2018gittest\tomita\ccollidermesh\3dprogramming\release\coptionscene.obj
c:\users\game\desktop\2018gittest\tomita\ccollidermesh\3dprogramming\release\coption.obj
c:\users\game\desktop\2018gittest\tomita\ccollidermesh\3dprogramming\release\citemscene.obj
c:\users\game\desktop\2018gittest\tomita\ccollidermesh\3dprogramming\release\citem.obj
c:\users\game\desktop\2018gittest\tomita\ccollidermesh\3dprogramming\release\chomescene.obj
c:\users\game\desktop\2018gittest\tomita\ccollidermesh\3dprogramming\release\chome.obj
c:\users\game\desktop\2018gittest\tomita\ccollidermesh\3dprogramming\release\cscoreboard.obj
c:\users\game\desktop\2018gittest\tomita\ccollidermesh\3dprogramming\release\cxpuck.obj
c:\users\game\desktop\2018gittest\tomita\ccollidermesh\3dprogramming\release\cpause.obj
c:\users\game\desktop\2018gittest\tomita\ccollidermesh\3dprogramming\release\ctrampoline.obj
c:\users\game\desktop\2018gittest\tomita\ccollidermesh\3dprogramming\release\cslowfloor.obj
c:\users\game\desktop\2018gittest\tomita\ccollidermesh\3dprogramming\release\cslope.obj
c:\users\game\desktop\2018gittest\tomita\ccollidermesh\3dprogramming\release\cnet.obj
c:\users\game\desktop\2018gittest\tomita\ccollidermesh\3dprogramming\release\chighbox.obj
c:\users\game\desktop\2018gittest\tomita\ccollidermesh\3dprogramming\release\cxgoal.obj
c:\users\game\desktop\2018gittest\tomita\ccollidermesh\3dprogramming\release\cfastfloor.obj
c:\users\game\desktop\2018gittest\tomita\ccollidermesh\3dprogramming\release\main.obj
c:\users\game\desktop\2018gittest\tomita\ccollidermesh\3dprogramming\release\clight.obj
c:\users\game\desktop\2018gittest\tomita\ccollidermesh\3dprogramming\release\cvector4.obj
c:\users\game\desktop\2018gittest\tomita\ccollidermesh\3dprogramming\release\cvector3.obj
c:\users\game\desktop\2018gittest\tomita\ccollidermesh\3dprogramming\release\cvector2.obj
c:\users\game\desktop\2018gittest\tomita\ccollidermesh\3dprogramming\release\ctaskmanager.obj
c:\users\game\desktop\2018gittest\tomita\ccollidermesh\3dprogramming\release\ctask.obj
c:\users\game\desktop\2018gittest\tomita\ccollidermesh\3dprogramming\release\ctitlescene.obj
c:\users\game\desktop\2018gittest\tomita\ccollidermesh\3dprogramming\release\ctitle.obj
c:\users\game\desktop\2018gittest\tomita\ccollidermesh\3dprogramming\release\cshopscene.obj
c:\users\game\desktop\2018gittest\tomita\ccollidermesh\release\3dprogramming.exe
c:\users\game\desktop\2018gittest\tomita\ccollidermesh\release\3dprogramming.pdb
c:\users\game\desktop\2018gittest\tomita\ccollidermesh\3dprogramming\release\3dprogramming.tlog\cl.command.1.tlog
c:\users\game\desktop\2018gittest\tomita\ccollidermesh\3dprogramming\release\3dprogramming.tlog\cl.read.1.tlog
c:\users\game\desktop\2018gittest\tomita\ccollidermesh\3dprogramming\release\3dprogramming.tlog\cl.write.1.tlog
c:\users\game\desktop\2018gittest\tomita\ccollidermesh\3dprogramming\release\3dprogramming.tlog\link.command.1.tlog
c:\users\game\desktop\2018gittest\tomita\ccollidermesh\3dprogramming\release\3dprogramming.tlog\link.read.1.tlog
c:\users\game\desktop\2018gittest\tomita\ccollidermesh\3dprogramming\release\3dprogramming.tlog\link.write.1.tlog
