2016/07/30 11:43:25 にビルドを開始しました。
     1>ノード 2 上のプロジェクト "c:\Users\shinobu\documents\visual studio 2013\Projects\3DProgramming\3DProgramming\3DProgramming.vcxproj" (Build ターゲット)。
     1>ClCompile:
         C:\Program Files (x86)\Microsoft Visual Studio 12.0\VC\bin\CL.exe /c /Zi /nologo /W3 /WX- /sdl /O2 /Oi /Oy- /GL /D _MBCS /Gm- /EHsc /MD /GS- /Gy /fp:precise /Zc:wchar_t /Zc:forScope /Fo"Release\\" /Fd"Release\vc120.pdb" /Gd /TP /analyze- /errorReport:prompt lib\CCamera.cpp lib\CCollision.cpp lib\CFPS.cpp lib\CImage.cpp lib\CKey.cpp lib\CLight.cpp lib\CMatrix.cpp lib\CModelObj.cpp lib\CModelSX.cpp lib\CModelX.cpp lib\CShader.cpp lib\CSound.cpp lib\CTexture.cpp lib\CXLoader.cpp lib\CXModelLoader.cpp lib\CXSModelLoader.cpp main.cpp
     1>cl : コマンド ライン warning D9025: '/sdl' より '/GS-' が優先されます。
         CCamera.cpp
     1>lib\CCamera.cpp(52): warning C4244: '引数' : 'double' から 'float' への変換です。データが失われる可能性があります。
         CCollision.cpp
         CFPS.cpp
     1>lib\CFPS.cpp(33): warning C4244: '=' : 'LONGLONG' から 'int' への変換です。データが失われる可能性があります。
         CImage.cpp
         CKey.cpp
     1>c:\Users\shinobu\documents\visual studio 2013\Projects\3DProgramming\3DProgramming\include\CKey.h(34): warning C4800: 'unsigned long' : ブール値を 'true' または 'false' に強制的に設定します (警告の処理)
         CLight.cpp
         CMatrix.cpp
         CModelObj.cpp
     1>lib\CModelObj.cpp(29): warning C4996: 'fopen': This function or variable may be unsafe. Consider using fopen_s instead. To disable deprecation, use _CRT_SECURE_NO_WARNINGS. See online help for details.
                 C:\Program Files (x86)\Microsoft Visual Studio 12.0\VC\include\stdio.h(211) : 'fopen' の宣言を確認してください。
     1>lib\CModelObj.cpp(36): warning C4996: 'fscanf': This function or variable may be unsafe. Consider using fscanf_s instead. To disable deprecation, use _CRT_SECURE_NO_WARNINGS. See online help for details.
                 C:\Program Files (x86)\Microsoft Visual Studio 12.0\VC\include\stdio.h(230) : 'fscanf' の宣言を確認してください。
     1>lib\CModelObj.cpp(39): warning C4996: 'fscanf': This function or variable may be unsafe. Consider using fscanf_s instead. To disable deprecation, use _CRT_SECURE_NO_WARNINGS. See online help for details.
                 C:\Program Files (x86)\Microsoft Visual Studio 12.0\VC\include\stdio.h(230) : 'fscanf' の宣言を確認してください。
     1>lib\CModelObj.cpp(43): warning C4996: 'fscanf': This function or variable may be unsafe. Consider using fscanf_s instead. To disable deprecation, use _CRT_SECURE_NO_WARNINGS. See online help for details.
                 C:\Program Files (x86)\Microsoft Visual Studio 12.0\VC\include\stdio.h(230) : 'fscanf' の宣言を確認してください。
     1>lib\CModelObj.cpp(47): warning C4996: 'fscanf': This function or variable may be unsafe. Consider using fscanf_s instead. To disable deprecation, use _CRT_SECURE_NO_WARNINGS. See online help for details.
                 C:\Program Files (x86)\Microsoft Visual Studio 12.0\VC\include\stdio.h(230) : 'fscanf' の宣言を確認してください。
     1>lib\CModelObj.cpp(51): warning C4996: 'fscanf': This function or variable may be unsafe. Consider using fscanf_s instead. To disable deprecation, use _CRT_SECURE_NO_WARNINGS. See online help for details.
                 C:\Program Files (x86)\Microsoft Visual Studio 12.0\VC\include\stdio.h(230) : 'fscanf' の宣言を確認してください。
     1>lib\CModelObj.cpp(55): warning C4996: 'fscanf': This function or variable may be unsafe. Consider using fscanf_s instead. To disable deprecation, use _CRT_SECURE_NO_WARNINGS. See online help for details.
                 C:\Program Files (x86)\Microsoft Visual Studio 12.0\VC\include\stdio.h(230) : 'fscanf' の宣言を確認してください。
     1>lib\CModelObj.cpp(62): warning C4996: 'fscanf': This function or variable may be unsafe. Consider using fscanf_s instead. To disable deprecation, use _CRT_SECURE_NO_WARNINGS. See online help for details.
                 C:\Program Files (x86)\Microsoft Visual Studio 12.0\VC\include\stdio.h(230) : 'fscanf' の宣言を確認してください。
     1>lib\CModelObj.cpp(66): warning C4996: 'fscanf': This function or variable may be unsafe. Consider using fscanf_s instead. To disable deprecation, use _CRT_SECURE_NO_WARNINGS. See online help for details.
                 C:\Program Files (x86)\Microsoft Visual Studio 12.0\VC\include\stdio.h(230) : 'fscanf' の宣言を確認してください。
     1>lib\CModelObj.cpp(79): warning C4996: 'fopen': This function or variable may be unsafe. Consider using fopen_s instead. To disable deprecation, use _CRT_SECURE_NO_WARNINGS. See online help for details.
                 C:\Program Files (x86)\Microsoft Visual Studio 12.0\VC\include\stdio.h(211) : 'fopen' の宣言を確認してください。
     1>lib\CModelObj.cpp(100): warning C4996: 'fscanf': This function or variable may be unsafe. Consider using fscanf_s instead. To disable deprecation, use _CRT_SECURE_NO_WARNINGS. See online help for details.
                 C:\Program Files (x86)\Microsoft Visual Studio 12.0\VC\include\stdio.h(230) : 'fscanf' の宣言を確認してください。
     1>lib\CModelObj.cpp(120): warning C4996: 'fscanf': This function or variable may be unsafe. Consider using fscanf_s instead. To disable deprecation, use _CRT_SECURE_NO_WARNINGS. See online help for details.
                 C:\Program Files (x86)\Microsoft Visual Studio 12.0\VC\include\stdio.h(230) : 'fscanf' の宣言を確認してください。
     1>lib\CModelObj.cpp(153): warning C4996: 'fscanf': This function or variable may be unsafe. Consider using fscanf_s instead. To disable deprecation, use _CRT_SECURE_NO_WARNINGS. See online help for details.
                 C:\Program Files (x86)\Microsoft Visual Studio 12.0\VC\include\stdio.h(230) : 'fscanf' の宣言を確認してください。
     1>lib\CModelObj.cpp(156): warning C4996: 'fscanf': This function or variable may be unsafe. Consider using fscanf_s instead. To disable deprecation, use _CRT_SECURE_NO_WARNINGS. See online help for details.
                 C:\Program Files (x86)\Microsoft Visual Studio 12.0\VC\include\stdio.h(230) : 'fscanf' の宣言を確認してください。
     1>lib\CModelObj.cpp(161): warning C4996: 'fscanf': This function or variable may be unsafe. Consider using fscanf_s instead. To disable deprecation, use _CRT_SECURE_NO_WARNINGS. See online help for details.
                 C:\Program Files (x86)\Microsoft Visual Studio 12.0\VC\include\stdio.h(230) : 'fscanf' の宣言を確認してください。
     1>lib\CModelObj.cpp(166): warning C4996: 'fscanf': This function or variable may be unsafe. Consider using fscanf_s instead. To disable deprecation, use _CRT_SECURE_NO_WARNINGS. See online help for details.
                 C:\Program Files (x86)\Microsoft Visual Studio 12.0\VC\include\stdio.h(230) : 'fscanf' の宣言を確認してください。
     1>lib\CModelObj.cpp(176): warning C4996: 'fscanf': This function or variable may be unsafe. Consider using fscanf_s instead. To disable deprecation, use _CRT_SECURE_NO_WARNINGS. See online help for details.
                 C:\Program Files (x86)\Microsoft Visual Studio 12.0\VC\include\stdio.h(230) : 'fscanf' の宣言を確認してください。
     1>lib\CModelObj.cpp(190): warning C4996: 'fscanf': This function or variable may be unsafe. Consider using fscanf_s instead. To disable deprecation, use _CRT_SECURE_NO_WARNINGS. See online help for details.
                 C:\Program Files (x86)\Microsoft Visual Studio 12.0\VC\include\stdio.h(230) : 'fscanf' の宣言を確認してください。
         CModelSX.cpp
         CModelX.cpp
         CShader.cpp
     1>lib\CShader.cpp(14): warning C4996: 'fopen': This function or variable may be unsafe. Consider using fopen_s instead. To disable deprecation, use _CRT_SECURE_NO_WARNINGS. See online help for details.
                 C:\Program Files (x86)\Microsoft Visual Studio 12.0\VC\include\stdio.h(211) : 'fopen' の宣言を確認してください。
         CSound.cpp
         CTexture.cpp
     1>lib\CTexture.cpp(22): warning C4996: 'fopen': This function or variable may be unsafe. Consider using fopen_s instead. To disable deprecation, use _CRT_SECURE_NO_WARNINGS. See online help for details.
                 C:\Program Files (x86)\Microsoft Visual Studio 12.0\VC\include\stdio.h(211) : 'fopen' の宣言を確認してください。
     1>lib\CTexture.cpp(81): warning C4996: 'fopen': This function or variable may be unsafe. Consider using fopen_s instead. To disable deprecation, use _CRT_SECURE_NO_WARNINGS. See online help for details.
                 C:\Program Files (x86)\Microsoft Visual Studio 12.0\VC\include\stdio.h(211) : 'fopen' の宣言を確認してください。
         CXLoader.cpp
     1>lib\CXLoader.cpp(33): warning C4996: 'sscanf': This function or variable may be unsafe. Consider using sscanf_s instead. To disable deprecation, use _CRT_SECURE_NO_WARNINGS. See online help for details.
                 C:\Program Files (x86)\Microsoft Visual Studio 12.0\VC\include\stdio.h(304) : 'sscanf' の宣言を確認してください。
     1>lib\CXLoader.cpp(41): warning C4996: 'fopen': This function or variable may be unsafe. Consider using fopen_s instead. To disable deprecation, use _CRT_SECURE_NO_WARNINGS. See online help for details.
                 C:\Program Files (x86)\Microsoft Visual Studio 12.0\VC\include\stdio.h(211) : 'fopen' の宣言を確認してください。
         CXModelLoader.cpp
     1>lib\CXModelLoader.cpp(142): warning C4996: 'fscanf': This function or variable may be unsafe. Consider using fscanf_s instead. To disable deprecation, use _CRT_SECURE_NO_WARNINGS. See online help for details.
                 C:\Program Files (x86)\Microsoft Visual Studio 12.0\VC\include\stdio.h(230) : 'fscanf' の宣言を確認してください。
     1>lib\CXModelLoader.cpp(370): warning C4996: 'fscanf': This function or variable may be unsafe. Consider using fscanf_s instead. To disable deprecation, use _CRT_SECURE_NO_WARNINGS. See online help for details.
                 C:\Program Files (x86)\Microsoft Visual Studio 12.0\VC\include\stdio.h(230) : 'fscanf' の宣言を確認してください。
     1>lib\CXModelLoader.cpp(531): warning C4996: 'fopen': This function or variable may be unsafe. Consider using fopen_s instead. To disable deprecation, use _CRT_SECURE_NO_WARNINGS. See online help for details.
                 C:\Program Files (x86)\Microsoft Visual Studio 12.0\VC\include\stdio.h(211) : 'fopen' の宣言を確認してください。
         CXSModelLoader.cpp
     1>lib\CXSModelLoader.cpp(25): warning C4996: 'fopen': This function or variable may be unsafe. Consider using fopen_s instead. To disable deprecation, use _CRT_SECURE_NO_WARNINGS. See online help for details.
                 C:\Program Files (x86)\Microsoft Visual Studio 12.0\VC\include\stdio.h(211) : 'fopen' の宣言を確認してください。
         main.cpp
       Link:
         C:\Program Files (x86)\Microsoft Visual Studio 12.0\VC\bin\link.exe /ERRORREPORT:PROMPT /OUT:"c:\users\shinobu\documents\visual studio 2013\Projects\3DProgramming\Release\3DProgramming.exe" /NOLOGO kernel32.lib user32.lib gdi32.lib winspool.lib comdlg32.lib advapi32.lib shell32.lib ole32.lib oleaut32.lib uuid.lib odbc32.lib odbccp32.lib /MANIFEST /MANIFESTUAC:"level='asInvoker' uiAccess='false'" /manifest:embed /DEBUG /PDB:"c:\users\shinobu\documents\visual studio 2013\Projects\3DProgramming\Release\3DProgramming.pdb" /OPT:REF /OPT:ICF /LTCG /TLBID:1 /DYNAMICBASE /NXCOMPAT /IMPLIB:"c:\users\shinobu\documents\visual studio 2013\Projects\3DProgramming\Release\3DProgramming.lib" /MACHINE:X86 /SAFESEH Release\CCamera.obj
         Release\CCollision.obj
         Release\CFPS.obj
         Release\CImage.obj
         Release\CKey.obj
         Release\CLight.obj
         Release\CMatrix.obj
         Release\CModelObj.obj
         Release\CModelSX.obj
         Release\CModelX.obj
         Release\CShader.obj
         Release\CSound.obj
         Release\CTexture.obj
         Release\CXLoader.obj
         Release\CXModelLoader.obj
         Release\CXSModelLoader.obj
         Release\main.obj
     1>LINK : fatal error C1047: オブジェクトまたはライブラリ ファイル '.\lib\glpng.lib' は、他のオブジェクトよりも古いコンパイラで作成されました。古いオブジェクトおよびライブラリをリビルドしてください。
     1>LINK : fatal error LNK1257: コードの生成に失敗しました。
     1>プロジェクト "c:\Users\shinobu\documents\visual studio 2013\Projects\3DProgramming\3DProgramming\3DProgramming.vcxproj" (Build ターゲット) のビルドが終了しました -- 失敗。

ビルドに失敗しました。

経過時間 00:00:04.58
