c:\users\tomi-\desktop\tomita\3dprogramming\debug\vc120.pdb
c:\users\tomi-\desktop\tomita\3dprogramming\debug\vc120.idb
c:\users\tomi-\desktop\tomita\3dprogramming\debug\chome.obj
c:\users\tomi-\desktop\tomita\3dprogramming\debug\chomescene.obj
c:\users\tomi-\desktop\tomita\3dprogramming\debug\citem.obj
c:\users\tomi-\desktop\tomita\3dprogramming\debug\citemscene.obj
c:\users\tomi-\desktop\tomita\3dprogramming\debug\coption.obj
c:\users\tomi-\desktop\tomita\3dprogramming\debug\coptionscene.obj
c:\users\tomi-\desktop\tomita\3dprogramming\debug\cquest.obj
c:\users\tomi-\desktop\tomita\3dprogramming\debug\cquestscene.obj
c:\users\tomi-\desktop\tomita\3dprogramming\debug\cshop.obj
c:\users\tomi-\desktop\tomita\3dprogramming\debug\cshopcreating.obj
c:\users\tomi-\desktop\tomita\3dprogramming\debug\cshopscene.obj
c:\users\tomi-\desktop\tomita\3dprogramming\debug\ctitle.obj
c:\users\tomi-\desktop\tomita\3dprogramming\debug\ctitlescene.obj
c:\users\tomi-\desktop\tomita\3dprogramming\debug\ctask.obj
c:\users\tomi-\desktop\tomita\3dprogramming\debug\ctaskmanager.obj
c:\users\tomi-\desktop\tomita\3dprogramming\debug\cvector2.obj
c:\users\tomi-\desktop\tomita\3dprogramming\debug\cvector3.obj
c:\users\tomi-\desktop\tomita\3dprogramming\debug\cvector4.obj
c:\users\tomi-\desktop\tomita\3dprogramming\debug\clight.obj
c:\users\tomi-\desktop\tomita\3dprogramming\debug\main.obj
c:\users\tomi-\desktop\tomita\3dprogramming\debug\cgamescene.obj
c:\users\tomi-\desktop\tomita\3dprogramming\debug\cscenemodel.obj
c:\users\tomi-\desktop\tomita\3dprogramming\debug\cxcharacter.obj
c:\users\tomi-\desktop\tomita\3dprogramming\debug\cxcharenemy.obj
c:\users\tomi-\desktop\tomita\3dprogramming\debug\cxcharplayer.obj
c:\users\tomi-\desktop\tomita\3dprogramming\debug\ceffect2d.obj
c:\users\tomi-\desktop\tomita\3dprogramming\debug\cexplosion.obj
c:\users\tomi-\desktop\tomita\3dprogramming\debug\cmap.obj
c:\users\tomi-\desktop\tomita\3dprogramming\debug\cfastfloor.obj
c:\users\tomi-\desktop\tomita\3dprogramming\debug\cgoal.obj
c:\users\tomi-\desktop\tomita\3dprogramming\debug\chighbox.obj
c:\users\tomi-\desktop\tomita\3dprogramming\debug\cnet.obj
c:\users\tomi-\desktop\tomita\3dprogramming\debug\cslopeend.obj
c:\users\tomi-\desktop\tomita\3dprogramming\debug\cslope.obj
c:\users\tomi-\desktop\tomita\3dprogramming\debug\cslowfloor.obj
c:\users\tomi-\desktop\tomita\3dprogramming\debug\ctrampoline.obj
c:\users\tomi-\desktop\tomita\3dprogramming\debug\cpause.obj
c:\users\tomi-\desktop\tomita\3dprogramming\debug\cxpuck.obj
c:\users\tomi-\desktop\tomita\3dprogramming\debug\ctutorial.obj
c:\users\tomi-\desktop\tomita\3dprogramming\debug\cscoreboard.obj
c:\users\tomi-\desktop\tomita\3dprogramming\debug\cloadtexmanager.obj
c:\users\tomi-\desktop\tomita\3dprogramming\debug\cmodelx.obj
c:\users\tomi-\desktop\tomita\3dprogramming\debug\crectangle.obj
c:\users\tomi-\desktop\tomita\3dprogramming\debug\crectangle2.obj
c:\users\tomi-\desktop\tomita\3dprogramming\debug\cshader.obj
c:\users\tomi-\desktop\tomita\3dprogramming\debug\ctriangle.obj
c:\users\tomi-\desktop\tomita\3dprogramming\debug\ctriangle2.obj
c:\users\tomi-\desktop\tomita\3dprogramming\debug\ctriangularprism.obj
c:\users\tomi-\desktop\tomita\3dprogramming\debug\cinput.obj
c:\users\tomi-\desktop\tomita\3dprogramming\debug\ckey.obj
c:\users\tomi-\desktop\tomita\3dprogramming\debug\cmouse.obj
c:\users\tomi-\desktop\tomita\3dprogramming\debug\cmatrix44.obj
c:\users\tomi-\desktop\tomita\3dprogramming\debug\ccountdown.obj
c:\users\tomi-\desktop\tomita\3dprogramming\debug\cscene.obj
c:\users\tomi-\desktop\tomita\3dprogramming\debug\cscenemanager.obj
c:\users\tomi-\desktop\tomita\3dprogramming\debug\cgameclear.obj
c:\users\tomi-\desktop\tomita\3dprogramming\debug\cgameclearscene.obj
c:\users\tomi-\desktop\tomita\3dprogramming\debug\cgameover.obj
c:\users\tomi-\desktop\tomita\3dprogramming\debug\cgameoverscene.obj
c:\users\tomi-\desktop\tomita\3dprogramming\debug\cgameresult.obj
c:\users\tomi-\desktop\tomita\3dprogramming\debug\cbase.obj
c:\users\tomi-\desktop\tomita\3dprogramming\debug\ccamera.obj
c:\users\tomi-\desktop\tomita\3dprogramming\debug\ccollider.obj
c:\users\tomi-\desktop\tomita\3dprogramming\debug\ccollision.obj
c:\users\tomi-\desktop\tomita\3dprogramming\debug\ccollisionmanager.obj
c:\users\tomi-\desktop\tomita\3dprogramming\debug\ccollision2d.obj
c:\users\tomi-\desktop\tomita\3dprogramming\debug\cconvenient.obj
c:\users\tomi-\desktop\tomita\3dprogramming\debug\ccsve.obj
c:\users\tomi-\desktop\tomita\3dprogramming\debug\cbillboard.obj
c:\users\tomi-\desktop\tomita\3dprogramming\debug\cbox.obj
c:\users\tomi-\desktop\tomita\3dprogramming\debug\chpbar.obj
c:\users\tomi-\desktop\tomita\debug\3dprogramming.ilk
c:\users\tomi-\desktop\tomita\debug\3dprogramming.exe
c:\users\tomi-\desktop\tomita\debug\3dprogramming.pdb
c:\users\tomi-\desktop\tomita\3dprogramming\debug\3dprogramming.tlog\cl.command.1.tlog
c:\users\tomi-\desktop\tomita\3dprogramming\debug\3dprogramming.tlog\cl.read.1.tlog
c:\users\tomi-\desktop\tomita\3dprogramming\debug\3dprogramming.tlog\cl.write.1.tlog
c:\users\tomi-\desktop\tomita\3dprogramming\debug\3dprogramming.tlog\link.command.1.tlog
c:\users\tomi-\desktop\tomita\3dprogramming\debug\3dprogramming.tlog\link.read.1.tlog
c:\users\tomi-\desktop\tomita\3dprogramming\debug\3dprogramming.tlog\link.write.1.tlog
