c:\users\tomi-\desktop\pushtomita\無双ゲーム\ゲーム\3dprogramming\release\vc120.pdb
c:\users\tomi-\desktop\pushtomita\無双ゲーム\ゲーム\3dprogramming\release\crectangle2.obj
c:\users\tomi-\desktop\pushtomita\無双ゲーム\ゲーム\3dprogramming\release\crectangle.obj
c:\users\tomi-\desktop\pushtomita\無双ゲーム\ゲーム\3dprogramming\release\cmodelx.obj
c:\users\tomi-\desktop\pushtomita\無双ゲーム\ゲーム\3dprogramming\release\cmodelobj.obj
c:\users\tomi-\desktop\pushtomita\無双ゲーム\ゲーム\3dprogramming\release\cloadtexmanager.obj
c:\users\tomi-\desktop\pushtomita\無双ゲーム\ゲーム\3dprogramming\release\chpbar2d.obj
c:\users\tomi-\desktop\pushtomita\無双ゲーム\ゲーム\3dprogramming\release\chpbar.obj
c:\users\tomi-\desktop\pushtomita\無双ゲーム\ゲーム\3dprogramming\release\cbox.obj
c:\users\tomi-\desktop\pushtomita\無双ゲーム\ゲーム\3dprogramming\release\cbillboard.obj
c:\users\tomi-\desktop\pushtomita\無双ゲーム\ゲーム\3dprogramming\release\ccsve.obj
c:\users\tomi-\desktop\pushtomita\無双ゲーム\ゲーム\3dprogramming\release\cconvenient.obj
c:\users\tomi-\desktop\pushtomita\無双ゲーム\ゲーム\3dprogramming\release\cobb.obj
c:\users\tomi-\desktop\pushtomita\無双ゲーム\ゲーム\3dprogramming\release\ccoltriangle.obj
c:\users\tomi-\desktop\pushtomita\無双ゲーム\ゲーム\3dprogramming\release\ccolsphere.obj
c:\users\tomi-\desktop\pushtomita\無双ゲーム\ゲーム\3dprogramming\release\ccolcapsule.obj
c:\users\tomi-\desktop\pushtomita\無双ゲーム\ゲーム\3dprogramming\release\ccollisionmanager.obj
c:\users\tomi-\desktop\pushtomita\無双ゲーム\ゲーム\3dprogramming\release\ccollision2d.obj
c:\users\tomi-\desktop\pushtomita\無双ゲーム\ゲーム\3dprogramming\release\ccollision.obj
c:\users\tomi-\desktop\pushtomita\無双ゲーム\ゲーム\3dprogramming\release\ccamera.obj
c:\users\tomi-\desktop\pushtomita\無双ゲーム\ゲーム\3dprogramming\release\c3dbase.obj
c:\users\tomi-\desktop\pushtomita\無双ゲーム\ゲーム\3dprogramming\release\cslimedamage.obj
c:\users\tomi-\desktop\pushtomita\無双ゲーム\ゲーム\3dprogramming\release\cslime.obj
c:\users\tomi-\desktop\pushtomita\無双ゲーム\ゲーム\3dprogramming\release\cslimeattack.obj
c:\users\tomi-\desktop\pushtomita\無双ゲーム\ゲーム\3dprogramming\release\cenemybase.obj
c:\users\tomi-\desktop\pushtomita\無双ゲーム\ゲーム\3dprogramming\release\cscenemodel.obj
c:\users\tomi-\desktop\pushtomita\無双ゲーム\ゲーム\3dprogramming\release\cgamescene.obj
c:\users\tomi-\desktop\pushtomita\無双ゲーム\ゲーム\3dprogramming\release\cgameoverscene.obj
c:\users\tomi-\desktop\pushtomita\無双ゲーム\ゲーム\3dprogramming\release\cgameover.obj
c:\users\tomi-\desktop\pushtomita\無双ゲーム\ゲーム\3dprogramming\release\cgameclearscene.obj
c:\users\tomi-\desktop\pushtomita\無双ゲーム\ゲーム\3dprogramming\release\cgameclear.obj
c:\users\tomi-\desktop\pushtomita\無双ゲーム\ゲーム\3dprogramming\release\cscenemanager.obj
c:\users\tomi-\desktop\pushtomita\無双ゲーム\ゲーム\3dprogramming\release\cscene.obj
c:\users\tomi-\desktop\pushtomita\無双ゲーム\ゲーム\3dprogramming\release\cmatrix44.obj
c:\users\tomi-\desktop\pushtomita\無双ゲーム\ゲーム\3dprogramming\release\cmouse.obj
c:\users\tomi-\desktop\pushtomita\無双ゲーム\ゲーム\3dprogramming\release\ckey.obj
c:\users\tomi-\desktop\pushtomita\無双ゲーム\ゲーム\3dprogramming\release\cinput.obj
c:\users\tomi-\desktop\pushtomita\無双ゲーム\ゲーム\3dprogramming\release\ctriangularprism.obj
c:\users\tomi-\desktop\pushtomita\無双ゲーム\ゲーム\3dprogramming\release\ctriangle2.obj
c:\users\tomi-\desktop\pushtomita\無双ゲーム\ゲーム\3dprogramming\release\ctriangle.obj
c:\users\tomi-\desktop\pushtomita\無双ゲーム\ゲーム\3dprogramming\release\cshader.obj
c:\users\tomi-\desktop\pushtomita\無双ゲーム\ゲーム\3dprogramming\release\citem.obj
c:\users\tomi-\desktop\pushtomita\無双ゲーム\ゲーム\3dprogramming\release\chomescene.obj
c:\users\tomi-\desktop\pushtomita\無双ゲーム\ゲーム\3dprogramming\release\chome.obj
c:\users\tomi-\desktop\pushtomita\無双ゲーム\ゲーム\3dprogramming\release\ctutorial.obj
c:\users\tomi-\desktop\pushtomita\無双ゲーム\ゲーム\3dprogramming\release\cpause.obj
c:\users\tomi-\desktop\pushtomita\無双ゲーム\ゲーム\3dprogramming\release\cmap.obj
c:\users\tomi-\desktop\pushtomita\無双ゲーム\ゲーム\3dprogramming\release\cexplosion.obj
c:\users\tomi-\desktop\pushtomita\無双ゲーム\ゲーム\3dprogramming\release\ceffect2d.obj
c:\users\tomi-\desktop\pushtomita\無双ゲーム\ゲーム\3dprogramming\release\cplayerrun.obj
c:\users\tomi-\desktop\pushtomita\無双ゲーム\ゲーム\3dprogramming\release\cplayerrunattack.obj
c:\users\tomi-\desktop\pushtomita\無双ゲーム\ゲーム\3dprogramming\release\cplayerjump.obj
c:\users\tomi-\desktop\pushtomita\無双ゲーム\ゲーム\3dprogramming\release\cplayeridling.obj
c:\users\tomi-\desktop\pushtomita\無双ゲーム\ゲーム\3dprogramming\release\cplayerdamage.obj
c:\users\tomi-\desktop\pushtomita\無双ゲーム\ゲーム\3dprogramming\release\cplayer.obj
c:\users\tomi-\desktop\pushtomita\無双ゲーム\ゲーム\3dprogramming\release\cplayeravoid.obj
c:\users\tomi-\desktop\pushtomita\無双ゲーム\ゲーム\3dprogramming\release\cplayerattack.obj
c:\users\tomi-\desktop\pushtomita\無双ゲーム\ゲーム\3dprogramming\release\cslimerun.obj
c:\users\tomi-\desktop\pushtomita\無双ゲーム\ゲーム\3dprogramming\release\ckingslime.obj
c:\users\tomi-\desktop\pushtomita\無双ゲーム\ゲーム\3dprogramming\release\cslimejump.obj
c:\users\tomi-\desktop\pushtomita\無双ゲーム\ゲーム\3dprogramming\release\cslimeidling.obj
c:\users\tomi-\desktop\pushtomita\無双ゲーム\ゲーム\3dprogramming\release\cstatemachine.obj
c:\users\tomi-\desktop\pushtomita\無双ゲーム\ゲーム\3dprogramming\release\cstatebase.obj
c:\users\tomi-\desktop\pushtomita\無双ゲーム\ゲーム\3dprogramming\release\main.obj
c:\users\tomi-\desktop\pushtomita\無双ゲーム\ゲーム\3dprogramming\release\clight.obj
c:\users\tomi-\desktop\pushtomita\無双ゲーム\ゲーム\3dprogramming\release\cvector4.obj
c:\users\tomi-\desktop\pushtomita\無双ゲーム\ゲーム\3dprogramming\release\cvector3.obj
c:\users\tomi-\desktop\pushtomita\無双ゲーム\ゲーム\3dprogramming\release\cvector2.obj
c:\users\tomi-\desktop\pushtomita\無双ゲーム\ゲーム\3dprogramming\release\ctaskmanager.obj
c:\users\tomi-\desktop\pushtomita\無双ゲーム\ゲーム\3dprogramming\release\ctask.obj
c:\users\tomi-\desktop\pushtomita\無双ゲーム\ゲーム\3dprogramming\release\csound.obj
c:\users\tomi-\desktop\pushtomita\無双ゲーム\ゲーム\3dprogramming\release\ctitlescene.obj
c:\users\tomi-\desktop\pushtomita\無双ゲーム\ゲーム\3dprogramming\release\ctitle.obj
c:\users\tomi-\desktop\pushtomita\無双ゲーム\ゲーム\3dprogramming\release\cquestscene.obj
c:\users\tomi-\desktop\pushtomita\無双ゲーム\ゲーム\3dprogramming\release\cquest.obj
c:\users\tomi-\desktop\pushtomita\無双ゲーム\ゲーム\3dprogramming\release\citemscene.obj
c:\users\tomi-\desktop\pushtomita\無双ゲーム\ゲーム\3dprogramming\release\ctexture.obj
c:\users\tomi-\desktop\pushtomita\無双ゲーム\ゲーム\3dprogramming\release\cresultscene.obj
c:\users\tomi-\desktop\pushtomita\無双ゲーム\ゲーム\3dprogramming\release\cresult.obj
c:\users\tomi-\desktop\pushtomita\無双ゲーム\ゲーム\release\3dprogramming.exe
c:\users\tomi-\desktop\pushtomita\無双ゲーム\ゲーム\release\3dprogramming.pdb
c:\users\tomi-\desktop\pushtomita\無双ゲーム\ゲーム\3dprogramming\release\3dprogramming.tlog\cl.command.1.tlog
c:\users\tomi-\desktop\pushtomita\無双ゲーム\ゲーム\3dprogramming\release\3dprogramming.tlog\cl.read.1.tlog
c:\users\tomi-\desktop\pushtomita\無双ゲーム\ゲーム\3dprogramming\release\3dprogramming.tlog\cl.write.1.tlog
c:\users\tomi-\desktop\pushtomita\無双ゲーム\ゲーム\3dprogramming\release\3dprogramming.tlog\link.command.1.tlog
c:\users\tomi-\desktop\pushtomita\無双ゲーム\ゲーム\3dprogramming\release\3dprogramming.tlog\link.read.1.tlog
c:\users\tomi-\desktop\pushtomita\無双ゲーム\ゲーム\3dprogramming\release\3dprogramming.tlog\link.write.1.tlog
