cl : コマンド ライン warning D9025: '/sdl' より '/GS-' が優先されます。
  CTutorial.cpp
c:\users\tomi-\desktop\tomita\3dprogramming\gamemain\graphic\ctexture.h(69): warning C4996: 'fopen': This function or variable may be unsafe. Consider using fopen_s instead. To disable deprecation, use _CRT_SECURE_NO_WARNINGS. See online help for details.
          c:\program files (x86)\microsoft visual studio 12.0\vc\include\stdio.h(211) : 'fopen' の宣言を確認してください。
c:\users\tomi-\desktop\tomita\3dprogramming\gamemain\graphic\ctexture.h(76): warning C4996: 'strcpy': This function or variable may be unsafe. Consider using strcpy_s instead. To disable deprecation, use _CRT_SECURE_NO_WARNINGS. See online help for details.
          c:\program files (x86)\microsoft visual studio 12.0\vc\include\string.h(112) : 'strcpy' の宣言を確認してください。
c:\users\tomi-\desktop\tomita\3dprogramming\define\define.h(92): warning C4005: 'BACK_POS' : マクロが再定義されました。
          c:\users\tomi-\desktop\tomita\3dprogramming\define\define.h(87) : 'BACK_POS' の前の定義を確認してください
c:\users\tomi-\desktop\tomita\3dprogramming\define\define.h(87): warning C4005: 'BACK_POS' : マクロが再定義されました。
          c:\users\tomi-\desktop\tomita\3dprogramming\define\define.h(92) : 'BACK_POS' の前の定義を確認してください
  コードを生成中...
  コンパイル中...
  CScoreBoard.cpp
c:\users\tomi-\desktop\tomita\3dprogramming\gamemain\graphic\ctexture.h(69): warning C4996: 'fopen': This function or variable may be unsafe. Consider using fopen_s instead. To disable deprecation, use _CRT_SECURE_NO_WARNINGS. See online help for details.
          c:\program files (x86)\microsoft visual studio 12.0\vc\include\stdio.h(211) : 'fopen' の宣言を確認してください。
c:\users\tomi-\desktop\tomita\3dprogramming\gamemain\graphic\ctexture.h(76): warning C4996: 'strcpy': This function or variable may be unsafe. Consider using strcpy_s instead. To disable deprecation, use _CRT_SECURE_NO_WARNINGS. See online help for details.
          c:\program files (x86)\microsoft visual studio 12.0\vc\include\string.h(112) : 'strcpy' の宣言を確認してください。
c:\users\tomi-\desktop\tomita\3dprogramming\define\define.h(92): warning C4005: 'BACK_POS' : マクロが再定義されました。
          c:\users\tomi-\desktop\tomita\3dprogramming\define\define.h(87) : 'BACK_POS' の前の定義を確認してください
c:\users\tomi-\desktop\tomita\3dprogramming\define\define.h(87): warning C4005: 'BACK_POS' : マクロが再定義されました。
          c:\users\tomi-\desktop\tomita\3dprogramming\define\define.h(92) : 'BACK_POS' の前の定義を確認してください
c:\users\tomi-\desktop\tomita\3dprogramming\gamemain\scene\gamescene\ui\cscoreboard.cpp(9): warning C4005: 'DISP_2D_Y' : マクロが再定義されました。
          c:\users\tomi-\desktop\tomita\3dprogramming\define\define.h(74) : 'DISP_2D_Y' の前の定義を確認してください
  CPause.cpp
c:\users\tomi-\desktop\tomita\3dprogramming\gamemain\graphic\ctexture.h(69): warning C4996: 'fopen': This function or variable may be unsafe. Consider using fopen_s instead. To disable deprecation, use _CRT_SECURE_NO_WARNINGS. See online help for details.
          c:\program files (x86)\microsoft visual studio 12.0\vc\include\stdio.h(211) : 'fopen' の宣言を確認してください。
c:\users\tomi-\desktop\tomita\3dprogramming\gamemain\graphic\ctexture.h(76): warning C4996: 'strcpy': This function or variable may be unsafe. Consider using strcpy_s instead. To disable deprecation, use _CRT_SECURE_NO_WARNINGS. See online help for details.
          c:\program files (x86)\microsoft visual studio 12.0\vc\include\string.h(112) : 'strcpy' の宣言を確認してください。
c:\users\tomi-\desktop\tomita\3dprogramming\define\define.h(92): warning C4005: 'BACK_POS' : マクロが再定義されました。
          c:\users\tomi-\desktop\tomita\3dprogramming\define\define.h(87) : 'BACK_POS' の前の定義を確認してください
c:\users\tomi-\desktop\tomita\3dprogramming\define\define.h(87): warning C4005: 'BACK_POS' : マクロが再定義されました。
          c:\users\tomi-\desktop\tomita\3dprogramming\define\define.h(92) : 'BACK_POS' の前の定義を確認してください
c:\users\tomi-\desktop\tomita\3dprogramming\gamemain\scene\gamescene\pause\cpause.cpp(14): warning C4005: 'BG_SIZE' : マクロが再定義されました。
          c:\users\tomi-\desktop\tomita\3dprogramming\define\define.h(77) : 'BG_SIZE' の前の定義を確認してください
  CXCharPlayer.cpp
c:\users\tomi-\desktop\tomita\3dprogramming\gamemain\graphic\ctexture.h(69): warning C4996: 'fopen': This function or variable may be unsafe. Consider using fopen_s instead. To disable deprecation, use _CRT_SECURE_NO_WARNINGS. See online help for details.
          c:\program files (x86)\microsoft visual studio 12.0\vc\include\stdio.h(211) : 'fopen' の宣言を確認してください。
c:\users\tomi-\desktop\tomita\3dprogramming\gamemain\graphic\ctexture.h(76): warning C4996: 'strcpy': This function or variable may be unsafe. Consider using strcpy_s instead. To disable deprecation, use _CRT_SECURE_NO_WARNINGS. See online help for details.
          c:\program files (x86)\microsoft visual studio 12.0\vc\include\string.h(112) : 'strcpy' の宣言を確認してください。
c:\users\tomi-\desktop\tomita\3dprogramming\gamemain\graphic\cmodelx.h(110): warning C4018: '<' : signed と unsigned の数値を比較しようとしました。
c:\users\tomi-\desktop\tomita\3dprogramming\gamemain\graphic\cmodelx.h(234): warning C4018: '<' : signed と unsigned の数値を比較しようとしました。
c:\users\tomi-\desktop\tomita\3dprogramming\gamemain\graphic\cmodelx.h(319): warning C4018: '<' : signed と unsigned の数値を比較しようとしました。
c:\users\tomi-\desktop\tomita\3dprogramming\gamemain\graphic\cmodelx.h(324): warning C4018: '<' : signed と unsigned の数値を比較しようとしました。
c:\users\tomi-\desktop\tomita\3dprogramming\gamemain\graphic\cmodelx.h(329): warning C4018: '<' : signed と unsigned の数値を比較しようとしました。
c:\users\tomi-\desktop\tomita\3dprogramming\define\define.h(92): warning C4005: 'BACK_POS' : マクロが再定義されました。
          c:\users\tomi-\desktop\tomita\3dprogramming\define\define.h(87) : 'BACK_POS' の前の定義を確認してください
c:\users\tomi-\desktop\tomita\3dprogramming\define\define.h(87): warning C4005: 'BACK_POS' : マクロが再定義されました。
          c:\users\tomi-\desktop\tomita\3dprogramming\define\define.h(92) : 'BACK_POS' の前の定義を確認してください
c:\users\tomi-\desktop\tomita\3dprogramming\gamemain\scene\itemscene\citem.h(11): warning C4005: 'TIP_ARRAY' : マクロが再定義されました。
          c:\users\tomi-\desktop\tomita\3dprogramming\gamemain\scene\gamescene\effect\ceffect2d.h(5) : 'TIP_ARRAY' の前の定義を確認してください
  CSceneModel.cpp
c:\users\tomi-\desktop\tomita\3dprogramming\gamemain\graphic\ctexture.h(69): warning C4996: 'fopen': This function or variable may be unsafe. Consider using fopen_s instead. To disable deprecation, use _CRT_SECURE_NO_WARNINGS. See online help for details.
          c:\program files (x86)\microsoft visual studio 12.0\vc\include\stdio.h(211) : 'fopen' の宣言を確認してください。
c:\users\tomi-\desktop\tomita\3dprogramming\gamemain\graphic\ctexture.h(76): warning C4996: 'strcpy': This function or variable may be unsafe. Consider using strcpy_s instead. To disable deprecation, use _CRT_SECURE_NO_WARNINGS. See online help for details.
          c:\program files (x86)\microsoft visual studio 12.0\vc\include\string.h(112) : 'strcpy' の宣言を確認してください。
c:\users\tomi-\desktop\tomita\3dprogramming\gamemain\graphic\cmodelx.h(110): warning C4018: '<' : signed と unsigned の数値を比較しようとしました。
c:\users\tomi-\desktop\tomita\3dprogramming\gamemain\graphic\cmodelx.h(234): warning C4018: '<' : signed と unsigned の数値を比較しようとしました。
c:\users\tomi-\desktop\tomita\3dprogramming\gamemain\graphic\cmodelx.h(319): warning C4018: '<' : signed と unsigned の数値を比較しようとしました。
c:\users\tomi-\desktop\tomita\3dprogramming\gamemain\graphic\cmodelx.h(324): warning C4018: '<' : signed と unsigned の数値を比較しようとしました。
c:\users\tomi-\desktop\tomita\3dprogramming\gamemain\graphic\cmodelx.h(329): warning C4018: '<' : signed と unsigned の数値を比較しようとしました。
c:\users\tomi-\desktop\tomita\3dprogramming\define\define.h(92): warning C4005: 'BACK_POS' : マクロが再定義されました。
          c:\users\tomi-\desktop\tomita\3dprogramming\define\define.h(87) : 'BACK_POS' の前の定義を確認してください
c:\users\tomi-\desktop\tomita\3dprogramming\define\define.h(87): warning C4005: 'BACK_POS' : マクロが再定義されました。
          c:\users\tomi-\desktop\tomita\3dprogramming\define\define.h(92) : 'BACK_POS' の前の定義を確認してください
c:\users\tomi-\desktop\tomita\3dprogramming\gamemain\scene\itemscene\citem.h(11): warning C4005: 'TIP_ARRAY' : マクロが再定義されました。
          c:\users\tomi-\desktop\tomita\3dprogramming\gamemain\scene\gamescene\effect\ceffect2d.h(5) : 'TIP_ARRAY' の前の定義を確認してください
c:\users\tomi-\desktop\tomita\3dprogramming\gamemain\scene\gamescene\charadate\cscenemodel.cpp(28): warning C4005: 'ANGLE_5' : マクロが再定義されました。
          c:\users\tomi-\desktop\tomita\3dprogramming\define\define.h(108) : 'ANGLE_5' の前の定義を確認してください
c:\users\tomi-\desktop\tomita\3dprogramming\gamemain\scene\gamescene\charadate\cscenemodel.cpp(29): warning C4005: 'ANGLE_180' : マクロが再定義されました。
          c:\users\tomi-\desktop\tomita\3dprogramming\define\define.h(103) : 'ANGLE_180' の前の定義を確認してください
  CGameScene.cpp
c:\users\tomi-\desktop\tomita\3dprogramming\gamemain\graphic\ctexture.h(69): warning C4996: 'fopen': This function or variable may be unsafe. Consider using fopen_s instead. To disable deprecation, use _CRT_SECURE_NO_WARNINGS. See online help for details.
          c:\program files (x86)\microsoft visual studio 12.0\vc\include\stdio.h(211) : 'fopen' の宣言を確認してください。
c:\users\tomi-\desktop\tomita\3dprogramming\gamemain\graphic\ctexture.h(76): warning C4996: 'strcpy': This function or variable may be unsafe. Consider using strcpy_s instead. To disable deprecation, use _CRT_SECURE_NO_WARNINGS. See online help for details.
          c:\program files (x86)\microsoft visual studio 12.0\vc\include\string.h(112) : 'strcpy' の宣言を確認してください。
c:\users\tomi-\desktop\tomita\3dprogramming\gamemain\graphic\cmodelx.h(110): warning C4018: '<' : signed と unsigned の数値を比較しようとしました。
c:\users\tomi-\desktop\tomita\3dprogramming\gamemain\graphic\cmodelx.h(234): warning C4018: '<' : signed と unsigned の数値を比較しようとしました。
c:\users\tomi-\desktop\tomita\3dprogramming\gamemain\graphic\cmodelx.h(319): warning C4018: '<' : signed と unsigned の数値を比較しようとしました。
c:\users\tomi-\desktop\tomita\3dprogramming\gamemain\graphic\cmodelx.h(324): warning C4018: '<' : signed と unsigned の数値を比較しようとしました。
c:\users\tomi-\desktop\tomita\3dprogramming\gamemain\graphic\cmodelx.h(329): warning C4018: '<' : signed と unsigned の数値を比較しようとしました。
c:\users\tomi-\desktop\tomita\3dprogramming\define\define.h(92): warning C4005: 'BACK_POS' : マクロが再定義されました。
          c:\users\tomi-\desktop\tomita\3dprogramming\define\define.h(87) : 'BACK_POS' の前の定義を確認してください
c:\users\tomi-\desktop\tomita\3dprogramming\define\define.h(87): warning C4005: 'BACK_POS' : マクロが再定義されました。
          c:\users\tomi-\desktop\tomita\3dprogramming\define\define.h(92) : 'BACK_POS' の前の定義を確認してください
c:\users\tomi-\desktop\tomita\3dprogramming\gamemain\scene\itemscene\citem.h(11): warning C4005: 'TIP_ARRAY' : マクロが再定義されました。
          c:\users\tomi-\desktop\tomita\3dprogramming\gamemain\scene\gamescene\effect\ceffect2d.h(5) : 'TIP_ARRAY' の前の定義を確認してください
  CGameResult.cpp
c:\users\tomi-\desktop\tomita\3dprogramming\gamemain\graphic\ctexture.h(69): warning C4996: 'fopen': This function or variable may be unsafe. Consider using fopen_s instead. To disable deprecation, use _CRT_SECURE_NO_WARNINGS. See online help for details.
          c:\program files (x86)\microsoft visual studio 12.0\vc\include\stdio.h(211) : 'fopen' の宣言を確認してください。
c:\users\tomi-\desktop\tomita\3dprogramming\gamemain\graphic\ctexture.h(76): warning C4996: 'strcpy': This function or variable may be unsafe. Consider using strcpy_s instead. To disable deprecation, use _CRT_SECURE_NO_WARNINGS. See online help for details.
          c:\program files (x86)\microsoft visual studio 12.0\vc\include\string.h(112) : 'strcpy' の宣言を確認してください。
c:\users\tomi-\desktop\tomita\3dprogramming\define\define.h(92): warning C4005: 'BACK_POS' : マクロが再定義されました。
          c:\users\tomi-\desktop\tomita\3dprogramming\define\define.h(87) : 'BACK_POS' の前の定義を確認してください
c:\users\tomi-\desktop\tomita\3dprogramming\define\define.h(87): warning C4005: 'BACK_POS' : マクロが再定義されました。
          c:\users\tomi-\desktop\tomita\3dprogramming\define\define.h(92) : 'BACK_POS' の前の定義を確認してください
c:\users\tomi-\desktop\tomita\3dprogramming\gamemain\scene\gameresult\cgameresult.cpp(26): warning C4005: 'BG_SIZE' : マクロが再定義されました。
          c:\users\tomi-\desktop\tomita\3dprogramming\define\define.h(77) : 'BG_SIZE' の前の定義を確認してください
  CGameOver.cpp
c:\users\tomi-\desktop\tomita\3dprogramming\gamemain\graphic\ctexture.h(69): warning C4996: 'fopen': This function or variable may be unsafe. Consider using fopen_s instead. To disable deprecation, use _CRT_SECURE_NO_WARNINGS. See online help for details.
          c:\program files (x86)\microsoft visual studio 12.0\vc\include\stdio.h(211) : 'fopen' の宣言を確認してください。
c:\users\tomi-\desktop\tomita\3dprogramming\gamemain\graphic\ctexture.h(76): warning C4996: 'strcpy': This function or variable may be unsafe. Consider using strcpy_s instead. To disable deprecation, use _CRT_SECURE_NO_WARNINGS. See online help for details.
          c:\program files (x86)\microsoft visual studio 12.0\vc\include\string.h(112) : 'strcpy' の宣言を確認してください。
c:\users\tomi-\desktop\tomita\3dprogramming\define\define.h(92): warning C4005: 'BACK_POS' : マクロが再定義されました。
          c:\users\tomi-\desktop\tomita\3dprogramming\define\define.h(87) : 'BACK_POS' の前の定義を確認してください
c:\users\tomi-\desktop\tomita\3dprogramming\define\define.h(87): warning C4005: 'BACK_POS' : マクロが再定義されました。
          c:\users\tomi-\desktop\tomita\3dprogramming\define\define.h(92) : 'BACK_POS' の前の定義を確認してください
c:\users\tomi-\desktop\tomita\3dprogramming\gamemain\scene\gameoverscene\cgameover.cpp(13): warning C4005: 'BG_SIZE' : マクロが再定義されました。
          c:\users\tomi-\desktop\tomita\3dprogramming\define\define.h(77) : 'BG_SIZE' の前の定義を確認してください
  CGameClear.cpp
c:\users\tomi-\desktop\tomita\3dprogramming\gamemain\graphic\ctexture.h(69): warning C4996: 'fopen': This function or variable may be unsafe. Consider using fopen_s instead. To disable deprecation, use _CRT_SECURE_NO_WARNINGS. See online help for details.
          c:\program files (x86)\microsoft visual studio 12.0\vc\include\stdio.h(211) : 'fopen' の宣言を確認してください。
c:\users\tomi-\desktop\tomita\3dprogramming\gamemain\graphic\ctexture.h(76): warning C4996: 'strcpy': This function or variable may be unsafe. Consider using strcpy_s instead. To disable deprecation, use _CRT_SECURE_NO_WARNINGS. See online help for details.
          c:\program files (x86)\microsoft visual studio 12.0\vc\include\string.h(112) : 'strcpy' の宣言を確認してください。
c:\users\tomi-\desktop\tomita\3dprogramming\define\define.h(92): warning C4005: 'BACK_POS' : マクロが再定義されました。
          c:\users\tomi-\desktop\tomita\3dprogramming\define\define.h(87) : 'BACK_POS' の前の定義を確認してください
c:\users\tomi-\desktop\tomita\3dprogramming\define\define.h(87): warning C4005: 'BACK_POS' : マクロが再定義されました。
          c:\users\tomi-\desktop\tomita\3dprogramming\define\define.h(92) : 'BACK_POS' の前の定義を確認してください
c:\users\tomi-\desktop\tomita\3dprogramming\gamemain\scene\gameclearscene\cgameclear.cpp(13): warning C4005: 'BG_SIZE' : マクロが再定義されました。
          c:\users\tomi-\desktop\tomita\3dprogramming\define\define.h(77) : 'BG_SIZE' の前の定義を確認してください
  CCountDown.cpp
c:\users\tomi-\desktop\tomita\3dprogramming\gamemain\graphic\ctexture.h(69): warning C4996: 'fopen': This function or variable may be unsafe. Consider using fopen_s instead. To disable deprecation, use _CRT_SECURE_NO_WARNINGS. See online help for details.
          c:\program files (x86)\microsoft visual studio 12.0\vc\include\stdio.h(211) : 'fopen' の宣言を確認してください。
c:\users\tomi-\desktop\tomita\3dprogramming\gamemain\graphic\ctexture.h(76): warning C4996: 'strcpy': This function or variable may be unsafe. Consider using strcpy_s instead. To disable deprecation, use _CRT_SECURE_NO_WARNINGS. See online help for details.
          c:\program files (x86)\microsoft visual studio 12.0\vc\include\string.h(112) : 'strcpy' の宣言を確認してください。
c:\users\tomi-\desktop\tomita\3dprogramming\define\define.h(92): warning C4005: 'BACK_POS' : マクロが再定義されました。
          c:\users\tomi-\desktop\tomita\3dprogramming\define\define.h(87) : 'BACK_POS' の前の定義を確認してください
c:\users\tomi-\desktop\tomita\3dprogramming\define\define.h(87): warning C4005: 'BACK_POS' : マクロが再定義されました。
          c:\users\tomi-\desktop\tomita\3dprogramming\define\define.h(92) : 'BACK_POS' の前の定義を確認してください
  CSceneManager.cpp
c:\users\tomi-\desktop\tomita\3dprogramming\gamemain\graphic\ctexture.h(69): warning C4996: 'fopen': This function or variable may be unsafe. Consider using fopen_s instead. To disable deprecation, use _CRT_SECURE_NO_WARNINGS. See online help for details.
          c:\program files (x86)\microsoft visual studio 12.0\vc\include\stdio.h(211) : 'fopen' の宣言を確認してください。
c:\users\tomi-\desktop\tomita\3dprogramming\gamemain\graphic\ctexture.h(76): warning C4996: 'strcpy': This function or variable may be unsafe. Consider using strcpy_s instead. To disable deprecation, use _CRT_SECURE_NO_WARNINGS. See online help for details.
          c:\program files (x86)\microsoft visual studio 12.0\vc\include\string.h(112) : 'strcpy' の宣言を確認してください。
c:\users\tomi-\desktop\tomita\3dprogramming\gamemain\graphic\cmodelx.h(110): warning C4018: '<' : signed と unsigned の数値を比較しようとしました。
c:\users\tomi-\desktop\tomita\3dprogramming\gamemain\graphic\cmodelx.h(234): warning C4018: '<' : signed と unsigned の数値を比較しようとしました。
c:\users\tomi-\desktop\tomita\3dprogramming\gamemain\graphic\cmodelx.h(319): warning C4018: '<' : signed と unsigned の数値を比較しようとしました。
c:\users\tomi-\desktop\tomita\3dprogramming\gamemain\graphic\cmodelx.h(324): warning C4018: '<' : signed と unsigned の数値を比較しようとしました。
c:\users\tomi-\desktop\tomita\3dprogramming\gamemain\graphic\cmodelx.h(329): warning C4018: '<' : signed と unsigned の数値を比較しようとしました。
c:\users\tomi-\desktop\tomita\3dprogramming\define\define.h(92): warning C4005: 'BACK_POS' : マクロが再定義されました。
          c:\users\tomi-\desktop\tomita\3dprogramming\define\define.h(87) : 'BACK_POS' の前の定義を確認してください
c:\users\tomi-\desktop\tomita\3dprogramming\define\define.h(87): warning C4005: 'BACK_POS' : マクロが再定義されました。
          c:\users\tomi-\desktop\tomita\3dprogramming\define\define.h(92) : 'BACK_POS' の前の定義を確認してください
c:\users\tomi-\desktop\tomita\3dprogramming\gamemain\scene\itemscene\citem.h(11): warning C4005: 'TIP_ARRAY' : マクロが再定義されました。
          c:\users\tomi-\desktop\tomita\3dprogramming\gamemain\scene\gamescene\effect\ceffect2d.h(5) : 'TIP_ARRAY' の前の定義を確認してください
c:\users\tomi-\desktop\tomita\3dprogramming\gamemain\scene\shopscene\cshop.h(55): warning C4005: 'MOVE_SPEED' : マクロが再定義されました。
          c:\users\tomi-\desktop\tomita\3dprogramming\gamemain\scene\homescene\chome.h(8) : 'MOVE_SPEED' の前の定義を確認してください
c:\users\tomi-\desktop\tomita\3dprogramming\gamemain\scene\optionsscene\coption.h(5): warning C4005: 'BGM_GAGE' : マクロが再定義されました。
          c:\users\tomi-\desktop\tomita\3dprogramming\gamemain\scene\gamescene\ui\cscoreboard.h(11) : 'BGM_GAGE' の前の定義を確認してください
c:\users\tomi-\desktop\tomita\3dprogramming\gamemain\scene\optionsscene\coption.h(6): warning C4005: 'SE_GAGE' : マクロが再定義されました。
          c:\users\tomi-\desktop\tomita\3dprogramming\gamemain\scene\gamescene\ui\cscoreboard.h(12) : 'SE_GAGE' の前の定義を確認してください
  CCollisionManager.cpp
c:\users\tomi-\desktop\tomita\3dprogramming\gamemain\graphic\ctexture.h(69): warning C4996: 'fopen': This function or variable may be unsafe. Consider using fopen_s instead. To disable deprecation, use _CRT_SECURE_NO_WARNINGS. See online help for details.
          c:\program files (x86)\microsoft visual studio 12.0\vc\include\stdio.h(211) : 'fopen' の宣言を確認してください。
c:\users\tomi-\desktop\tomita\3dprogramming\gamemain\graphic\ctexture.h(76): warning C4996: 'strcpy': This function or variable may be unsafe. Consider using strcpy_s instead. To disable deprecation, use _CRT_SECURE_NO_WARNINGS. See online help for details.
          c:\program files (x86)\microsoft visual studio 12.0\vc\include\string.h(112) : 'strcpy' の宣言を確認してください。
c:\users\tomi-\desktop\tomita\3dprogramming\gamemain\graphic\cmodelx.h(110): warning C4018: '<' : signed と unsigned の数値を比較しようとしました。
c:\users\tomi-\desktop\tomita\3dprogramming\gamemain\graphic\cmodelx.h(234): warning C4018: '<' : signed と unsigned の数値を比較しようとしました。
c:\users\tomi-\desktop\tomita\3dprogramming\gamemain\graphic\cmodelx.h(319): warning C4018: '<' : signed と unsigned の数値を比較しようとしました。
c:\users\tomi-\desktop\tomita\3dprogramming\gamemain\graphic\cmodelx.h(324): warning C4018: '<' : signed と unsigned の数値を比較しようとしました。
c:\users\tomi-\desktop\tomita\3dprogramming\gamemain\graphic\cmodelx.h(329): warning C4018: '<' : signed と unsigned の数値を比較しようとしました。
c:\users\tomi-\desktop\tomita\3dprogramming\define\define.h(92): warning C4005: 'BACK_POS' : マクロが再定義されました。
          c:\users\tomi-\desktop\tomita\3dprogramming\define\define.h(87) : 'BACK_POS' の前の定義を確認してください
c:\users\tomi-\desktop\tomita\3dprogramming\define\define.h(87): warning C4005: 'BACK_POS' : マクロが再定義されました。
          c:\users\tomi-\desktop\tomita\3dprogramming\define\define.h(92) : 'BACK_POS' の前の定義を確認してください
c:\users\tomi-\desktop\tomita\3dprogramming\gamemain\scene\itemscene\citem.h(11): warning C4005: 'TIP_ARRAY' : マクロが再定義されました。
          c:\users\tomi-\desktop\tomita\3dprogramming\gamemain\scene\gamescene\effect\ceffect2d.h(5) : 'TIP_ARRAY' の前の定義を確認してください
  コードを生成中...
  3DProgramming.vcxproj -> C:\Users\tomi-\Desktop\TOMITA\Debug\3DProgramming.exe
