c:\users\tomi-\desktop\pushtomita\無双ゲーム\ゲーム\3dprogramming\debug\vc120.pdb
c:\users\tomi-\desktop\pushtomita\無双ゲーム\ゲーム\3dprogramming\debug\c3dbase.obj
c:\users\tomi-\desktop\pushtomita\無双ゲーム\ゲーム\3dprogramming\debug\cbase.obj
c:\users\tomi-\desktop\pushtomita\無双ゲーム\ゲーム\3dprogramming\debug\cbillboard.obj
c:\users\tomi-\desktop\pushtomita\無双ゲーム\ゲーム\3dprogramming\debug\cbox.obj
c:\users\tomi-\desktop\pushtomita\無双ゲーム\ゲーム\3dprogramming\debug\ccamera.obj
c:\users\tomi-\desktop\pushtomita\無双ゲーム\ゲーム\3dprogramming\debug\ccolcapsule.obj
c:\users\tomi-\desktop\pushtomita\無双ゲーム\ゲーム\3dprogramming\debug\ccollision.obj
c:\users\tomi-\desktop\pushtomita\無双ゲーム\ゲーム\3dprogramming\debug\ccollision2d.obj
c:\users\tomi-\desktop\pushtomita\無双ゲーム\ゲーム\3dprogramming\debug\ccollisionmanager.obj
c:\users\tomi-\desktop\pushtomita\無双ゲーム\ゲーム\3dprogramming\debug\ccolsphere.obj
c:\users\tomi-\desktop\pushtomita\無双ゲーム\ゲーム\3dprogramming\debug\ccoltriangle.obj
c:\users\tomi-\desktop\pushtomita\無双ゲーム\ゲーム\3dprogramming\debug\cconvenient.obj
c:\users\tomi-\desktop\pushtomita\無双ゲーム\ゲーム\3dprogramming\debug\ccountdown.obj
c:\users\tomi-\desktop\pushtomita\無双ゲーム\ゲーム\3dprogramming\debug\ccsve.obj
c:\users\tomi-\desktop\pushtomita\無双ゲーム\ゲーム\3dprogramming\debug\ceffect2d.obj
c:\users\tomi-\desktop\pushtomita\無双ゲーム\ゲーム\3dprogramming\debug\cenemybase.obj
c:\users\tomi-\desktop\pushtomita\無双ゲーム\ゲーム\3dprogramming\debug\cexplosion.obj
c:\users\tomi-\desktop\pushtomita\無双ゲーム\ゲーム\3dprogramming\debug\cfastfloor.obj
c:\users\tomi-\desktop\pushtomita\無双ゲーム\ゲーム\3dprogramming\debug\cgameclear.obj
c:\users\tomi-\desktop\pushtomita\無双ゲーム\ゲーム\3dprogramming\debug\cgameclearscene.obj
c:\users\tomi-\desktop\pushtomita\無双ゲーム\ゲーム\3dprogramming\debug\cgameover.obj
c:\users\tomi-\desktop\pushtomita\無双ゲーム\ゲーム\3dprogramming\debug\cgameoverscene.obj
c:\users\tomi-\desktop\pushtomita\無双ゲーム\ゲーム\3dprogramming\debug\cgameresult.obj
c:\users\tomi-\desktop\pushtomita\無双ゲーム\ゲーム\3dprogramming\debug\cgamescene.obj
c:\users\tomi-\desktop\pushtomita\無双ゲーム\ゲーム\3dprogramming\debug\cgoal.obj
c:\users\tomi-\desktop\pushtomita\無双ゲーム\ゲーム\3dprogramming\debug\chighbox.obj
c:\users\tomi-\desktop\pushtomita\無双ゲーム\ゲーム\3dprogramming\debug\chome.obj
c:\users\tomi-\desktop\pushtomita\無双ゲーム\ゲーム\3dprogramming\debug\chomescene.obj
c:\users\tomi-\desktop\pushtomita\無双ゲーム\ゲーム\3dprogramming\debug\chpbar.obj
c:\users\tomi-\desktop\pushtomita\無双ゲーム\ゲーム\3dprogramming\debug\chpbar2d.obj
c:\users\tomi-\desktop\pushtomita\無双ゲーム\ゲーム\3dprogramming\debug\cinput.obj
c:\users\tomi-\desktop\pushtomita\無双ゲーム\ゲーム\3dprogramming\debug\citem.obj
c:\users\tomi-\desktop\pushtomita\無双ゲーム\ゲーム\3dprogramming\debug\citemscene.obj
c:\users\tomi-\desktop\pushtomita\無双ゲーム\ゲーム\3dprogramming\debug\ckey.obj
c:\users\tomi-\desktop\pushtomita\無双ゲーム\ゲーム\3dprogramming\debug\ckingslime.obj
c:\users\tomi-\desktop\pushtomita\無双ゲーム\ゲーム\3dprogramming\debug\ckingslimeattack.obj
c:\users\tomi-\desktop\pushtomita\無双ゲーム\ゲーム\3dprogramming\debug\ckingslimedamage.obj
c:\users\tomi-\desktop\pushtomita\無双ゲーム\ゲーム\3dprogramming\debug\ckingslimeidling.obj
c:\users\tomi-\desktop\pushtomita\無双ゲーム\ゲーム\3dprogramming\debug\ckingslimejump.obj
c:\users\tomi-\desktop\pushtomita\無双ゲーム\ゲーム\3dprogramming\debug\ckingslimerun.obj
c:\users\tomi-\desktop\pushtomita\無双ゲーム\ゲーム\3dprogramming\debug\clight.obj
c:\users\tomi-\desktop\pushtomita\無双ゲーム\ゲーム\3dprogramming\debug\cloadtexmanager.obj
c:\users\tomi-\desktop\pushtomita\無双ゲーム\ゲーム\3dprogramming\debug\cmap.obj
c:\users\tomi-\desktop\pushtomita\無双ゲーム\ゲーム\3dprogramming\debug\cmatrix44.obj
c:\users\tomi-\desktop\pushtomita\無双ゲーム\ゲーム\3dprogramming\debug\cmodelobj.obj
c:\users\tomi-\desktop\pushtomita\無双ゲーム\ゲーム\3dprogramming\debug\cmodelx.obj
c:\users\tomi-\desktop\pushtomita\無双ゲーム\ゲーム\3dprogramming\debug\cmouse.obj
c:\users\tomi-\desktop\pushtomita\無双ゲーム\ゲーム\3dprogramming\debug\cnet.obj
c:\users\tomi-\desktop\pushtomita\無双ゲーム\ゲーム\3dprogramming\debug\cobb.obj
c:\users\tomi-\desktop\pushtomita\無双ゲーム\ゲーム\3dprogramming\debug\coption.obj
c:\users\tomi-\desktop\pushtomita\無双ゲーム\ゲーム\3dprogramming\debug\coptionscene.obj
c:\users\tomi-\desktop\pushtomita\無双ゲーム\ゲーム\3dprogramming\debug\cpause.obj
c:\users\tomi-\desktop\pushtomita\無双ゲーム\ゲーム\3dprogramming\debug\cplayer.obj
c:\users\tomi-\desktop\pushtomita\無双ゲーム\ゲーム\3dprogramming\debug\cplayerattack.obj
c:\users\tomi-\desktop\pushtomita\無双ゲーム\ゲーム\3dprogramming\debug\cplayeravoid.obj
c:\users\tomi-\desktop\pushtomita\無双ゲーム\ゲーム\3dprogramming\debug\cplayerdamage.obj
c:\users\tomi-\desktop\pushtomita\無双ゲーム\ゲーム\3dprogramming\debug\cplayerdied.obj
c:\users\tomi-\desktop\pushtomita\無双ゲーム\ゲーム\3dprogramming\debug\cplayeridling.obj
c:\users\tomi-\desktop\pushtomita\無双ゲーム\ゲーム\3dprogramming\debug\cplayerjump.obj
c:\users\tomi-\desktop\pushtomita\無双ゲーム\ゲーム\3dprogramming\debug\cplayerrun.obj
c:\users\tomi-\desktop\pushtomita\無双ゲーム\ゲーム\3dprogramming\debug\cplayerrunattack.obj
c:\users\tomi-\desktop\pushtomita\無双ゲーム\ゲーム\3dprogramming\debug\cquest.obj
c:\users\tomi-\desktop\pushtomita\無双ゲーム\ゲーム\3dprogramming\debug\cquestscene.obj
c:\users\tomi-\desktop\pushtomita\無双ゲーム\ゲーム\3dprogramming\debug\crectangle.obj
c:\users\tomi-\desktop\pushtomita\無双ゲーム\ゲーム\3dprogramming\debug\crectangle2.obj
c:\users\tomi-\desktop\pushtomita\無双ゲーム\ゲーム\3dprogramming\debug\cresult.obj
c:\users\tomi-\desktop\pushtomita\無双ゲーム\ゲーム\3dprogramming\debug\cscene.obj
c:\users\tomi-\desktop\pushtomita\無双ゲーム\ゲーム\3dprogramming\debug\cscenemanager.obj
c:\users\tomi-\desktop\pushtomita\無双ゲーム\ゲーム\3dprogramming\debug\cscenemodel.obj
c:\users\tomi-\desktop\pushtomita\無双ゲーム\ゲーム\3dprogramming\debug\cscoreboard.obj
c:\users\tomi-\desktop\pushtomita\無双ゲーム\ゲーム\3dprogramming\debug\cshader.obj
c:\users\tomi-\desktop\pushtomita\無双ゲーム\ゲーム\3dprogramming\debug\cshop.obj
c:\users\tomi-\desktop\pushtomita\無双ゲーム\ゲーム\3dprogramming\debug\cshopcreating.obj
c:\users\tomi-\desktop\pushtomita\無双ゲーム\ゲーム\3dprogramming\debug\cshopscene.obj
c:\users\tomi-\desktop\pushtomita\無双ゲーム\ゲーム\3dprogramming\debug\cslime.obj
c:\users\tomi-\desktop\pushtomita\無双ゲーム\ゲーム\3dprogramming\debug\cslimeattack.obj
c:\users\tomi-\desktop\pushtomita\無双ゲーム\ゲーム\3dprogramming\debug\cslimedamage.obj
c:\users\tomi-\desktop\pushtomita\無双ゲーム\ゲーム\3dprogramming\debug\cslimeidling.obj
c:\users\tomi-\desktop\pushtomita\無双ゲーム\ゲーム\3dprogramming\debug\cslimejump.obj
c:\users\tomi-\desktop\pushtomita\無双ゲーム\ゲーム\3dprogramming\debug\cslimerun.obj
c:\users\tomi-\desktop\pushtomita\無双ゲーム\ゲーム\3dprogramming\debug\cslope.obj
c:\users\tomi-\desktop\pushtomita\無双ゲーム\ゲーム\3dprogramming\debug\cslopeend.obj
c:\users\tomi-\desktop\pushtomita\無双ゲーム\ゲーム\3dprogramming\debug\cslowfloor.obj
c:\users\tomi-\desktop\pushtomita\無双ゲーム\ゲーム\3dprogramming\debug\csound.obj
c:\users\tomi-\desktop\pushtomita\無双ゲーム\ゲーム\3dprogramming\debug\cstatebase.obj
c:\users\tomi-\desktop\pushtomita\無双ゲーム\ゲーム\3dprogramming\debug\cstatemachine.obj
c:\users\tomi-\desktop\pushtomita\無双ゲーム\ゲーム\3dprogramming\debug\cstateplayerattack.obj
c:\users\tomi-\desktop\pushtomita\無双ゲーム\ゲーム\3dprogramming\debug\cstateplayerbase.obj
c:\users\tomi-\desktop\pushtomita\無双ゲーム\ゲーム\3dprogramming\debug\cstateplayerdamage.obj
c:\users\tomi-\desktop\pushtomita\無双ゲーム\ゲーム\3dprogramming\debug\cstateplayeridling.obj
c:\users\tomi-\desktop\pushtomita\無双ゲーム\ゲーム\3dprogramming\debug\cstateplayerjump.obj
c:\users\tomi-\desktop\pushtomita\無双ゲーム\ゲーム\3dprogramming\debug\cstateplayerrun.obj
c:\users\tomi-\desktop\pushtomita\無双ゲーム\ゲーム\3dprogramming\debug\cstateplayerrunattack.obj
c:\users\tomi-\desktop\pushtomita\無双ゲーム\ゲーム\3dprogramming\debug\cstateslimeattack.obj
c:\users\tomi-\desktop\pushtomita\無双ゲーム\ゲーム\3dprogramming\debug\cstateslimedamage.obj
c:\users\tomi-\desktop\pushtomita\無双ゲーム\ゲーム\3dprogramming\debug\cstateslimeidling.obj
c:\users\tomi-\desktop\pushtomita\無双ゲーム\ゲーム\3dprogramming\debug\cstateslimejump.obj
c:\users\tomi-\desktop\pushtomita\無双ゲーム\ゲーム\3dprogramming\debug\cstateslimerun.obj
c:\users\tomi-\desktop\pushtomita\無双ゲーム\ゲーム\3dprogramming\debug\cstateswitch.obj
c:\users\tomi-\desktop\pushtomita\無双ゲーム\ゲーム\3dprogramming\debug\ctask.obj
c:\users\tomi-\desktop\pushtomita\無双ゲーム\ゲーム\3dprogramming\debug\ctaskmanager.obj
c:\users\tomi-\desktop\pushtomita\無双ゲーム\ゲーム\3dprogramming\debug\ctexture.obj
c:\users\tomi-\desktop\pushtomita\無双ゲーム\ゲーム\3dprogramming\debug\ctitle.obj
c:\users\tomi-\desktop\pushtomita\無双ゲーム\ゲーム\3dprogramming\debug\ctitlescene.obj
c:\users\tomi-\desktop\pushtomita\無双ゲーム\ゲーム\3dprogramming\debug\ctrampoline.obj
c:\users\tomi-\desktop\pushtomita\無双ゲーム\ゲーム\3dprogramming\debug\ctriangle.obj
c:\users\tomi-\desktop\pushtomita\無双ゲーム\ゲーム\3dprogramming\debug\ctriangle2.obj
c:\users\tomi-\desktop\pushtomita\無双ゲーム\ゲーム\3dprogramming\debug\ctriangularprism.obj
c:\users\tomi-\desktop\pushtomita\無双ゲーム\ゲーム\3dprogramming\debug\ctutorial.obj
c:\users\tomi-\desktop\pushtomita\無双ゲーム\ゲーム\3dprogramming\debug\cvector2.obj
c:\users\tomi-\desktop\pushtomita\無双ゲーム\ゲーム\3dprogramming\debug\cvector3.obj
c:\users\tomi-\desktop\pushtomita\無双ゲーム\ゲーム\3dprogramming\debug\cvector4.obj
c:\users\tomi-\desktop\pushtomita\無双ゲーム\ゲーム\3dprogramming\debug\cxcharacter.obj
c:\users\tomi-\desktop\pushtomita\無双ゲーム\ゲーム\3dprogramming\debug\cxcharenemy.obj
c:\users\tomi-\desktop\pushtomita\無双ゲーム\ゲーム\3dprogramming\debug\cxcharplayer.obj
c:\users\tomi-\desktop\pushtomita\無双ゲーム\ゲーム\3dprogramming\debug\cxpuck.obj
c:\users\tomi-\desktop\pushtomita\無双ゲーム\ゲーム\3dprogramming\debug\main.obj
c:\users\tomi-\desktop\pushtomita\無双ゲーム\ゲーム\3dprogramming\debug\vc120.idb
c:\users\tomi-\desktop\pushtomita\無双ゲーム\ゲーム\debug\3dprogramming.pdb
c:\users\tomi-\desktop\pushtomita\無双ゲーム\ゲーム\3dprogramming\debug\3dprogramming.tlog\cl.command.1.tlog
c:\users\tomi-\desktop\pushtomita\無双ゲーム\ゲーム\3dprogramming\debug\3dprogramming.tlog\cl.read.1.tlog
c:\users\tomi-\desktop\pushtomita\無双ゲーム\ゲーム\3dprogramming\debug\3dprogramming.tlog\cl.write.1.tlog
c:\users\tomi-\desktop\pushtomita\無双ゲーム\ゲーム\3dprogramming\debug\3dprogramming.tlog\link-cvtres.read.1.tlog
c:\users\tomi-\desktop\pushtomita\無双ゲーム\ゲーム\3dprogramming\debug\3dprogramming.tlog\link.command.1.tlog
c:\users\tomi-\desktop\pushtomita\無双ゲーム\ゲーム\3dprogramming\debug\3dprogramming.tlog\link.read.1.tlog
c:\users\tomi-\desktop\pushtomita\無双ゲーム\ゲーム\3dprogramming\debug\3dprogramming.tlog\link.write.1.tlog
